Log file open, 01/10/22 15:12:45
LogWindows: Failed to load 'aqProf.dll' (GetLastError=126)
LogWindows: File 'aqProf.dll' does not exist
LogWindows: Failed to load 'VtuneApi.dll' (GetLastError=126)
LogWindows: File 'VtuneApi.dll' does not exist
LogWindows: Failed to load 'VtuneApi32e.dll' (GetLastError=126)
LogWindows: File 'VtuneApi32e.dll' does not exist
LogConsoleResponse: Display: Failed to find resolution value strings in scalability ini. Falling back to default.
LogConsoleResponse: Display: Failed to find resolution value strings in scalability ini. Falling back to default.
LogInit: Display: Running engine for game: Fps_Monster_Shooter
LogPlatformFile: Not using cached read wrapper
LogTaskGraph: Started task graph with 5 named threads and 35 total threads with 3 sets of task threads.
LogStats: Stats thread started at 0.351358
LogICUInternationalization: ICU TimeZone Detection - Raw Offset: -5:00, Platform Override: ''
LogInit: Display: Loading text-based GConfig....
LogPluginManager: Mounting plugin MeshPainting
LogPluginManager: Mounting plugin XGEController
LogPluginManager: Mounting plugin Paper2D
LogPluginManager: Mounting plugin LiveLink
LogPluginManager: Mounting plugin EnvironmentQueryEditor
LogPluginManager: Mounting plugin CameraShakePreviewer
LogPluginManager: Mounting plugin GameplayCameras
LogPluginManager: Mounting plugin AssetManagerEditor
LogPluginManager: Mounting plugin AISupport
LogPluginManager: Mounting plugin CurveEditorTools
LogPluginManager: Mounting plugin FacialAnimation
LogPluginManager: Mounting plugin DataValidation
LogPluginManager: Mounting plugin CryptoKeys
LogPluginManager: Mounting plugin GeometryMode
LogPluginManager: Mounting plugin AnimationSharing
LogPluginManager: Mounting plugin MaterialAnalyzer
LogPluginManager: Mounting plugin MobileLauncherProfileWizard
LogPluginManager: Mounting plugin CLionSourceCodeAccess
LogPluginManager: Mounting plugin GameplayTagsEditor
LogPluginManager: Mounting plugin CodeLiteSourceCodeAccess
LogPluginManager: Mounting plugin MacGraphicsSwitching
LogPluginManager: Mounting plugin KDevelopSourceCodeAccess
LogPluginManager: Mounting plugin PluginBrowser
LogPluginManager: Mounting plugin SpeedTreeImporter
LogPluginManager: Mounting plugin PerforceSourceControl
LogPluginManager: Mounting plugin GitSourceControl
LogPluginManager: Mounting plugin NullSourceCodeAccess
LogPluginManager: Mounting plugin PlasticSourceControl
LogPluginManager: Mounting plugin PixWinPlugin
LogPluginManager: Mounting plugin PluginUtils
LogPluginManager: Mounting plugin PropertyAccessNode
LogPluginManager: Mounting plugin RiderSourceCodeAccess
LogPluginManager: Mounting plugin VisualStudioSourceCodeAccess
LogPluginManager: Mounting plugin TextureFormatOodle
LogPluginManager: Mounting plugin XCodeSourceCodeAccess
LogPluginManager: Mounting plugin UObjectPlugin
LogPluginManager: Mounting plugin SubversionSourceControl
LogPluginManager: Mounting plugin VisualStudioCodeSourceCodeAccess
LogPluginManager: Mounting plugin DatasmithContent
LogPluginManager: Mounting plugin OodleData
LogPluginManager: Mounting plugin OodleNetwork
LogPluginManager: Mounting plugin Niagara
LogPluginManager: Mounting plugin VariantManagerContent
LogPluginManager: Mounting plugin AlembicImporter
LogPluginManager: Mounting plugin AutomationUtils
LogPluginManager: Mounting plugin BackChannel
LogPluginManager: Mounting plugin ChaosCloth
LogPluginManager: Mounting plugin ChaosEditor
LogPluginManager: Mounting plugin ChaosClothEditor
LogPluginManager: Mounting plugin ChaosNiagara
LogPluginManager: Mounting plugin CharacterAI
LogPluginManager: Mounting plugin ChaosSolverPlugin
LogPluginManager: Mounting plugin GeometryCache
LogPluginManager: Mounting plugin GeometryCollectionPlugin
LogPluginManager: Mounting plugin GeometryProcessing
LogPluginManager: Mounting plugin OpenImageDenoise
LogPluginManager: Mounting plugin MotoSynth
LogPluginManager: Mounting plugin PlatformCrypto
LogPluginManager: Mounting plugin PlanarCut
LogPluginManager: Mounting plugin ProxyLODPlugin
LogPluginManager: Mounting plugin PythonScriptPlugin
LogPluginManager: Mounting plugin SkeletalReduction
LogPluginManager: Mounting plugin LuminPlatformFeatures
LogPluginManager: Mounting plugin MagicLeap
LogPluginManager: Mounting plugin MagicLeapMedia
LogPluginManager: Mounting plugin AndroidMedia
LogPluginManager: Mounting plugin AvfMedia
LogPluginManager: Mounting plugin MagicLeapLightEstimation
LogPluginManager: Mounting plugin MagicLeapPassableWorld
LogPluginManager: Mounting plugin MLSDK
LogPluginManager: Mounting plugin ImgMedia
LogPluginManager: Mounting plugin MediaCompositing
LogPluginManager: Mounting plugin MediaPlayerEditor
LogPluginManager: Mounting plugin WebMMedia
LogPluginManager: Mounting plugin WmfMedia
LogPluginManager: Mounting plugin TcpMessaging
LogPluginManager: Mounting plugin ActorSequence
LogPluginManager: Mounting plugin UdpMessaging
LogPluginManager: Mounting plugin MatineeToLevelSequence
LogPluginManager: Mounting plugin LevelSequenceEditor
LogPluginManager: Mounting plugin TemplateSequence
LogPluginManager: Mounting plugin OnlineSubsystem
LogPluginManager: Mounting plugin LauncherChunkInstaller
LogPluginManager: Mounting plugin OnlineSubsystemNull
LogPluginManager: Mounting plugin ActorLayerUtilities
LogPluginManager: Mounting plugin OnlineSubsystemUtils
LogPluginManager: Mounting plugin AndroidDeviceProfileSelector
LogPluginManager: Mounting plugin AndroidPermission
LogPluginManager: Mounting plugin AndroidMoviePlayer
LogPluginManager: Mounting plugin AppleImageUtils
LogPluginManager: Mounting plugin AppleMoviePlayer
LogPluginManager: Mounting plugin ArchVisCharacter
LogPluginManager: Mounting plugin AssetTags
LogPluginManager: Mounting plugin AudioSynesthesia
LogPluginManager: Mounting plugin CableComponent
LogPluginManager: Mounting plugin AudioCapture
LogPluginManager: Mounting plugin CustomMeshComponent
LogPluginManager: Mounting plugin ChunkDownloader
LogPluginManager: Mounting plugin EditableMesh
LogPluginManager: Mounting plugin ExampleDeviceProfileSelector
LogPluginManager: Mounting plugin GoogleCloudMessaging
LogPluginManager: Mounting plugin GooglePAD
LogPluginManager: Mounting plugin IOSDeviceProfileSelector
LogPluginManager: Mounting plugin LinuxDeviceProfileSelector
LogPluginManager: Mounting plugin LocationServicesBPLibrary
LogPluginManager: Mounting plugin MobilePatchingUtils
LogPluginManager: Mounting plugin OpenXREyeTracker
LogPluginManager: Mounting plugin OpenXRHandTracking
LogPluginManager: Mounting plugin OpenXR
LogPluginManager: Mounting plugin PhysXVehicles
LogPluginManager: Mounting plugin PostSplashScreen
LogPluginManager: Mounting plugin PropertyAccessEditor
LogPluginManager: Mounting plugin ProceduralMeshComponent
LogPluginManager: Mounting plugin SignificanceManager
LogPluginManager: Mounting plugin RuntimePhysXCooking
LogPluginManager: Mounting plugin SoundFields
LogPluginManager: Mounting plugin Synthesis
LogPluginManager: Mounting plugin WebMMoviePlayer
LogPluginManager: Mounting plugin WindowsMoviePlayer
LogPluginManager: Mounting plugin ScreenshotTools
LogPluginManager: Mounting plugin LightPropagationVolume
LogPluginManager: Mounting plugin Takes
LogPluginManager: Mounting plugin ContentBrowserAssetDataSource
LogPluginManager: Mounting plugin ContentBrowserFileDataSource
LogPluginManager: Mounting plugin ContentBrowserClassDataSource
LogPluginManager: Mounting plugin OnlineSubsystemGooglePlay
LogPluginManager: Mounting plugin OnlineSubsystemIOS
LogPluginManager: Mounting plugin OculusVR
LogPluginManager: Mounting plugin SteamVR
PixWinPlugin: PIX capture plugin failed to initialize! Check that the process is launched from PIX.
LogInit: Using libcurl 7.55.1-DEV
LogInit:  - built for x86_64-pc-win32
LogInit:  - supports SSL with OpenSSL/1.1.1
LogInit:  - supports HTTP deflate (compression) using libz 1.2.8
LogInit:  - other features:
LogInit:      CURL_VERSION_SSL
LogInit:      CURL_VERSION_LIBZ
LogInit:      CURL_VERSION_IPV6
LogInit:      CURL_VERSION_ASYNCHDNS
LogInit:      CURL_VERSION_LARGEFILE
LogInit:      CURL_VERSION_IDN
LogInit:  CurlRequestOptions (configurable via config and command line):
LogInit:  - bVerifyPeer = true  - Libcurl will verify peer certificate
LogInit:  - bUseHttpProxy = false  - Libcurl will NOT use HTTP proxy
LogInit:  - bDontReuseConnections = false  - Libcurl will reuse connections
LogInit:  - MaxHostConnections = 16  - Libcurl will limit the number of connections to a host
LogInit:  - LocalHostAddr = Default
LogInit:  - BufferSize = 65536
LogOnline: OSS: Creating online subsystem instance for: NULL
LogInit: WinSock: version 1.1 (2.2), MaxSocks=32767, MaxUdp=65467
LogOnline: OSS: TryLoadSubsystemAndSetDefault: Loaded subsystem for module [NULL]
LogOculusPluginWrapper: OculusPlugin initialized successfully
LogHMD: Failed initializing OVRPlugin 1.59.0
LogInit: Build: ++UE4+Release-4.27-CL-18319896
LogInit: Engine Version: 4.27.2-18319896+++UE4+Release-4.27
LogInit: Compatible Engine Version: 4.27.0-17155196+++UE4+Release-4.27
LogInit: Net CL: 17155196
LogInit: OS: Windows 10 (Release 2009) (), CPU: AMD Ryzen 5 3600 6-Core Processor              , GPU: AMD Radeon RX 5700 XT
LogInit: Compiled (64-bit): Nov 30 2021 07:12:08
LogInit: Compiled with Visual C++: 19.24.28315.00
LogInit: Build Configuration: Development
LogInit: Branch Name: ++UE4+Release-4.27
LogInit: Command Line: 
LogInit: Base Directory: E:/Program Files/Epic Games/UE_4.27/Engine/Binaries/Win64/
LogInit: Allocator: TBB
LogInit: Installed Engine Build: 1
LogDevObjectVersion: Number of dev versions registered: 29
LogDevObjectVersion:   Dev-Blueprints (B0D832E4-1F89-4F0D-ACCF-7EB736FD4AA2): 10
LogDevObjectVersion:   Dev-Build (E1C64328-A22C-4D53-A36C-8E866417BD8C): 0
LogDevObjectVersion:   Dev-Core (375EC13C-06E4-48FB-B500-84F0262A717E): 4
LogDevObjectVersion:   Dev-Editor (E4B068ED-F494-42E9-A231-DA0B2E46BB41): 40
LogDevObjectVersion:   Dev-Framework (CFFC743F-43B0-4480-9391-14DF171D2073): 37
LogDevObjectVersion:   Dev-Mobile (B02B49B5-BB20-44E9-A304-32B752E40360): 3
LogDevObjectVersion:   Dev-Networking (A4E4105C-59A1-49B5-A7C5-40C4547EDFEE): 0
LogDevObjectVersion:   Dev-Online (39C831C9-5AE6-47DC-9A44-9C173E1C8E7C): 0
LogDevObjectVersion:   Dev-Physics (78F01B33-EBEA-4F98-B9B4-84EACCB95AA2): 14
LogDevObjectVersion:   Dev-Platform (6631380F-2D4D-43E0-8009-CF276956A95A): 0
LogDevObjectVersion:   Dev-Rendering (12F88B9F-8875-4AFC-A67C-D90C383ABD29): 45
LogDevObjectVersion:   Dev-Sequencer (7B5AE74C-D270-4C10-A958-57980B212A5A): 13
LogDevObjectVersion:   Dev-VR (D7296918-1DD6-4BDD-9DE2-64A83CC13884): 3
LogDevObjectVersion:   Dev-LoadTimes (C2A15278-BFE7-4AFE-6C17-90FF531DF755): 1
LogDevObjectVersion:   Private-Geometry (6EACA3D4-40EC-4CC1-B786-8BED09428FC5): 3
LogDevObjectVersion:   Dev-AnimPhys (29E575DD-E0A3-4627-9D10-D276232CDCEA): 17
LogDevObjectVersion:   Dev-Anim (AF43A65D-7FD3-4947-9873-3E8ED9C1BB05): 15
LogDevObjectVersion:   Dev-ReflectionCapture (6B266CEC-1EC7-4B8F-A30B-E4D90942FC07): 1
LogDevObjectVersion:   Dev-Automation (0DF73D61-A23F-47EA-B727-89E90C41499A): 1
LogDevObjectVersion:   FortniteMain (601D1886-AC64-4F84-AA16-D3DE0DEAC7D6): 47
LogDevObjectVersion:   FortniteRelease (E7086368-6B23-4C58-8439-1B7016265E91): 1
LogDevObjectVersion:   Dev-Enterprise (9DFFBCD6-494F-0158-E221-12823C92A888): 10
LogDevObjectVersion:   Dev-Niagara (F2AED0AC-9AFE-416F-8664-AA7FFA26D6FC): 1
LogDevObjectVersion:   Dev-Destruction (174F1F0B-B4C6-45A5-B13F-2EE8D0FB917D): 10
LogDevObjectVersion:   Dev-Physics-Ext (35F94A83-E258-406C-A318-09F59610247C): 41
LogDevObjectVersion:   Dev-PhysicsMaterial-Chaos (B68FC16E-8B1B-42E2-B453-215C058844FE): 1
LogDevObjectVersion:   Dev-CineCamera (B2E18506-4273-CFC2-A54E-F4BB758BBA07): 1
LogDevObjectVersion:   Dev-VirtualProduction (64F58936-FD1B-42BA-BA96-7289D5D0FA4E): 1
LogDevObjectVersion:   Dev-MediaFramework (6F0ED827-A609-4895-9C91-998D90180EA4): 2
LogInit: Presizing for max 25165824 objects, including 0 objects not considered by GC, pre-allocating 0 bytes for permanent pool.
LogConfig: Applying CVar settings from Section [/Script/Engine.StreamingSettings] File [C:/Users/ajsut/Documents/Unreal Projects/MonsterShooterFps/Fps_Monster_Shooter/Saved/Config/Windows/Engine.ini]
LogConfig: Setting CVar [[s.MinBulkDataSizeForAsyncLoading:131072]]
LogConfig: Setting CVar [[s.AsyncLoadingThreadEnabled:0]]
LogConfig: Setting CVar [[s.EventDrivenLoaderEnabled:1]]
LogConfig: Setting CVar [[s.WarnIfTimeLimitExceeded:0]]
LogConfig: Setting CVar [[s.TimeLimitExceededMultiplier:1.5]]
LogConfig: Setting CVar [[s.TimeLimitExceededMinTime:0.005]]
LogConfig: Setting CVar [[s.UseBackgroundLevelStreaming:1]]
LogConfig: Setting CVar [[s.PriorityAsyncLoadingExtraTime:15.0]]
LogConfig: Setting CVar [[s.LevelStreamingActorsUpdateTimeLimit:5.0]]
LogConfig: Setting CVar [[s.PriorityLevelStreamingActorsUpdateExtraTime:5.0]]
LogConfig: Setting CVar [[s.LevelStreamingComponentsRegistrationGranularity:10]]
LogConfig: Setting CVar [[s.UnregisterComponentsTimeLimit:1.0]]
LogConfig: Setting CVar [[s.LevelStreamingComponentsUnregistrationGranularity:5]]
LogConfig: Setting CVar [[s.FlushStreamingOnExit:1]]
LogInit: Object subsystem initialized
LogConfig: Setting CVar [[con.DebugEarlyDefault:1]]
LogConfig: Setting CVar [[r.setres:1280x720]]
[2022.01.10-20.12.46:122][  0]LogConfig: Setting CVar [[r.VSync:0]]
[2022.01.10-20.12.46:122][  0]LogConfig: Setting CVar [[r.RHICmdBypass:0]]
[2022.01.10-20.12.46:122][  0]LogConfig: Applying CVar settings from Section [/Script/Engine.RendererSettings] File [C:/Users/ajsut/Documents/Unreal Projects/MonsterShooterFps/Fps_Monster_Shooter/Saved/Config/Windows/Engine.ini]
[2022.01.10-20.12.46:122][  0]LogConfig: Setting CVar [[r.GPUCrashDebugging:0]]
[2022.01.10-20.12.46:122][  0]LogConfig: Applying CVar settings from Section [/Script/Engine.RendererOverrideSettings] File [C:/Users/ajsut/Documents/Unreal Projects/MonsterShooterFps/Fps_Monster_Shooter/Saved/Config/Windows/Engine.ini]
[2022.01.10-20.12.46:122][  0]LogConfig: Applying CVar settings from Section [/Script/Engine.StreamingSettings] File [C:/Users/ajsut/Documents/Unreal Projects/MonsterShooterFps/Fps_Monster_Shooter/Saved/Config/Windows/Engine.ini]
[2022.01.10-20.12.46:122][  0]LogConfig: Setting CVar [[s.MinBulkDataSizeForAsyncLoading:131072]]
[2022.01.10-20.12.46:122][  0]LogConfig: Setting CVar [[s.AsyncLoadingThreadEnabled:0]]
[2022.01.10-20.12.46:122][  0]LogConfig: Setting CVar [[s.EventDrivenLoaderEnabled:1]]
[2022.01.10-20.12.46:122][  0]LogConfig: Setting CVar [[s.WarnIfTimeLimitExceeded:0]]
[2022.01.10-20.12.46:122][  0]LogConfig: Setting CVar [[s.TimeLimitExceededMultiplier:1.5]]
[2022.01.10-20.12.46:122][  0]LogConfig: Setting CVar [[s.TimeLimitExceededMinTime:0.005]]
[2022.01.10-20.12.46:122][  0]LogConfig: Setting CVar [[s.UseBackgroundLevelStreaming:1]]
[2022.01.10-20.12.46:122][  0]LogConfig: Setting CVar [[s.PriorityAsyncLoadingExtraTime:15.0]]
[2022.01.10-20.12.46:122][  0]LogConfig: Setting CVar [[s.LevelStreamingActorsUpdateTimeLimit:5.0]]
[2022.01.10-20.12.46:122][  0]LogConfig: Setting CVar [[s.PriorityLevelStreamingActorsUpdateExtraTime:5.0]]
[2022.01.10-20.12.46:122][  0]LogConfig: Setting CVar [[s.LevelStreamingComponentsRegistrationGranularity:10]]
[2022.01.10-20.12.46:122][  0]LogConfig: Setting CVar [[s.UnregisterComponentsTimeLimit:1.0]]
[2022.01.10-20.12.46:122][  0]LogConfig: Setting CVar [[s.LevelStreamingComponentsUnregistrationGranularity:5]]
[2022.01.10-20.12.46:122][  0]LogConfig: Setting CVar [[s.FlushStreamingOnExit:1]]
[2022.01.10-20.12.46:122][  0]LogConfig: Applying CVar settings from Section [/Script/Engine.GarbageCollectionSettings] File [C:/Users/ajsut/Documents/Unreal Projects/MonsterShooterFps/Fps_Monster_Shooter/Saved/Config/Windows/Engine.ini]
[2022.01.10-20.12.46:122][  0]LogConfig: Setting CVar [[gc.MaxObjectsNotConsideredByGC:1]]
[2022.01.10-20.12.46:122][  0]LogConfig: Setting CVar [[gc.SizeOfPermanentObjectPool:0]]
[2022.01.10-20.12.46:122][  0]LogConfig: Setting CVar [[gc.FlushStreamingOnGC:0]]
[2022.01.10-20.12.46:122][  0]LogConfig: Setting CVar [[gc.NumRetriesBeforeForcingGC:10]]
[2022.01.10-20.12.46:122][  0]LogConfig: Setting CVar [[gc.AllowParallelGC:1]]
[2022.01.10-20.12.46:122][  0]LogConfig: Setting CVar [[gc.TimeBetweenPurgingPendingKillObjects:61.1]]
[2022.01.10-20.12.46:122][  0]LogConfig: Setting CVar [[gc.MaxObjectsInEditor:25165824]]
[2022.01.10-20.12.46:122][  0]LogConfig: Setting CVar [[gc.IncrementalBeginDestroyEnabled:1]]
[2022.01.10-20.12.46:122][  0]LogConfig: Setting CVar [[gc.CreateGCClusters:1]]
[2022.01.10-20.12.46:123][  0]LogConfig: Setting CVar [[gc.MinGCClusterSize:5]]
[2022.01.10-20.12.46:123][  0]LogConfig: Setting CVar [[gc.ActorClusteringEnabled:0]]
[2022.01.10-20.12.46:123][  0]LogConfig: Setting CVar [[gc.BlueprintClusteringEnabled:0]]
[2022.01.10-20.12.46:123][  0]LogConfig: Setting CVar [[gc.UseDisregardForGCOnDedicatedServers:0]]
[2022.01.10-20.12.46:123][  0]LogConfig: Setting CVar [[gc.MultithreadedDestructionEnabled:1]]
[2022.01.10-20.12.46:123][  0]LogConfig: Applying CVar settings from Section [/Script/Engine.NetworkSettings] File [C:/Users/ajsut/Documents/Unreal Projects/MonsterShooterFps/Fps_Monster_Shooter/Saved/Config/Windows/Engine.ini]
[2022.01.10-20.12.46:123][  0]LogConfig: Applying CVar settings from Section [/Script/UnrealEd.CookerSettings] File [C:/Users/ajsut/Documents/Unreal Projects/MonsterShooterFps/Fps_Monster_Shooter/Saved/Config/Windows/Engine.ini]
[2022.01.10-20.12.46:162][  0]LogConfig: Applying CVar settings from Section [ViewDistanceQuality@3] File [C:/Users/ajsut/Documents/Unreal Projects/MonsterShooterFps/Fps_Monster_Shooter/Saved/Config/Windows/Scalability.ini]
[2022.01.10-20.12.46:162][  0]LogConfig: Setting CVar [[r.SkeletalMeshLODBias:0]]
[2022.01.10-20.12.46:162][  0]LogConfig: Setting CVar [[r.ViewDistanceScale:1.0]]
[2022.01.10-20.12.46:162][  0]LogConfig: Applying CVar settings from Section [AntiAliasingQuality@3] File [C:/Users/ajsut/Documents/Unreal Projects/MonsterShooterFps/Fps_Monster_Shooter/Saved/Config/Windows/Scalability.ini]
[2022.01.10-20.12.46:162][  0]LogConfig: Setting CVar [[r.PostProcessAAQuality:4]]
[2022.01.10-20.12.46:162][  0]LogConfig: Applying CVar settings from Section [ShadowQuality@3] File [C:/Users/ajsut/Documents/Unreal Projects/MonsterShooterFps/Fps_Monster_Shooter/Saved/Config/Windows/Scalability.ini]
[2022.01.10-20.12.46:162][  0]LogConfig: Setting CVar [[r.LightFunctionQuality:1]]
[2022.01.10-20.12.46:163][  0]LogConfig: Setting CVar [[r.ShadowQuality:5]]
[2022.01.10-20.12.46:163][  0]LogConfig: Setting CVar [[r.Shadow.CSM.MaxCascades:10]]
[2022.01.10-20.12.46:163][  0]LogConfig: Setting CVar [[r.Shadow.MaxResolution:2048]]
[2022.01.10-20.12.46:163][  0]LogConfig: Setting CVar [[r.Shadow.MaxCSMResolution:2048]]
[2022.01.10-20.12.46:163][  0]LogConfig: Setting CVar [[r.Shadow.RadiusThreshold:0.01]]
[2022.01.10-20.12.46:163][  0]LogConfig: Setting CVar [[r.Shadow.DistanceScale:1.0]]
[2022.01.10-20.12.46:163][  0]LogConfig: Setting CVar [[r.Shadow.CSM.TransitionScale:1.0]]
[2022.01.10-20.12.46:163][  0]LogConfig: Setting CVar [[r.Shadow.PreShadowResolutionFactor:1.0]]
[2022.01.10-20.12.46:163][  0]LogConfig: Setting CVar [[r.DistanceFieldShadowing:1]]
[2022.01.10-20.12.46:163][  0]LogConfig: Setting CVar [[r.DistanceFieldAO:1]]
[2022.01.10-20.12.46:163][  0]LogConfig: Setting CVar [[r.AOQuality:2]]
[2022.01.10-20.12.46:163][  0]LogConfig: Setting CVar [[r.VolumetricFog:1]]
[2022.01.10-20.12.46:163][  0]LogConfig: Setting CVar [[r.VolumetricFog.GridPixelSize:8]]
[2022.01.10-20.12.46:163][  0]LogConfig: Setting CVar [[r.VolumetricFog.GridSizeZ:128]]
[2022.01.10-20.12.46:163][  0]LogConfig: Setting CVar [[r.VolumetricFog.HistoryMissSupersampleCount:4]]
[2022.01.10-20.12.46:163][  0]LogConfig: Setting CVar [[r.LightMaxDrawDistanceScale:1]]
[2022.01.10-20.12.46:163][  0]LogConfig: Setting CVar [[r.CapsuleShadows:1]]
[2022.01.10-20.12.46:163][  0]LogConfig: Applying CVar settings from Section [PostProcessQuality@3] File [C:/Users/ajsut/Documents/Unreal Projects/MonsterShooterFps/Fps_Monster_Shooter/Saved/Config/Windows/Scalability.ini]
[2022.01.10-20.12.46:163][  0]LogConfig: Setting CVar [[r.MotionBlurQuality:4]]
[2022.01.10-20.12.46:163][  0]LogConfig: Setting CVar [[r.AmbientOcclusionMipLevelFactor:0.4]]
[2022.01.10-20.12.46:163][  0]LogConfig: Setting CVar [[r.AmbientOcclusionMaxQuality:100]]
[2022.01.10-20.12.46:163][  0]LogConfig: Setting CVar [[r.AmbientOcclusionLevels:-1]]
[2022.01.10-20.12.46:163][  0]LogConfig: Setting CVar [[r.AmbientOcclusionRadiusScale:1.0]]
[2022.01.10-20.12.46:163][  0]LogConfig: Setting CVar [[r.DepthOfFieldQuality:2]]
[2022.01.10-20.12.46:163][  0]LogConfig: Setting CVar [[r.RenderTargetPoolMin:400]]
[2022.01.10-20.12.46:163][  0]LogConfig: Setting CVar [[r.LensFlareQuality:2]]
[2022.01.10-20.12.46:163][  0]LogConfig: Setting CVar [[r.SceneColorFringeQuality:1]]
[2022.01.10-20.12.46:163][  0]LogConfig: Setting CVar [[r.EyeAdaptationQuality:2]]
[2022.01.10-20.12.46:163][  0]LogConfig: Setting CVar [[r.BloomQuality:5]]
[2022.01.10-20.12.46:163][  0]LogConfig: Setting CVar [[r.FastBlurThreshold:100]]
[2022.01.10-20.12.46:163][  0]LogConfig: Setting CVar [[r.Upscale.Quality:3]]
[2022.01.10-20.12.46:163][  0]LogConfig: Setting CVar [[r.Tonemapper.GrainQuantization:1]]
[2022.01.10-20.12.46:163][  0]LogConfig: Setting CVar [[r.LightShaftQuality:1]]
[2022.01.10-20.12.46:163][  0]LogConfig: Setting CVar [[r.Filter.SizeScale:1]]
[2022.01.10-20.12.46:163][  0]LogConfig: Setting CVar [[r.Tonemapper.Quality:5]]
[2022.01.10-20.12.46:163][  0]LogConfig: Setting CVar [[r.DOF.Gather.AccumulatorQuality:1        ; higher gathering accumulator quality]]
[2022.01.10-20.12.46:163][  0]LogConfig: Setting CVar [[r.DOF.Gather.PostfilterMethod:1          ; Median3x3 postfilering method]]
[2022.01.10-20.12.46:163][  0]LogConfig: Setting CVar [[r.DOF.Gather.EnableBokehSettings:0       ; no bokeh simulation when gathering]]
[2022.01.10-20.12.46:163][  0]LogConfig: Setting CVar [[r.DOF.Gather.RingCount:4                 ; medium number of samples when gathering]]
[2022.01.10-20.12.46:163][  0]LogConfig: Setting CVar [[r.DOF.Scatter.ForegroundCompositing:1    ; additive foreground scattering]]
[2022.01.10-20.12.46:163][  0]LogConfig: Setting CVar [[r.DOF.Scatter.BackgroundCompositing:2    ; additive background scattering]]
[2022.01.10-20.12.46:163][  0]LogConfig: Setting CVar [[r.DOF.Scatter.EnableBokehSettings:1      ; bokeh simulation when scattering]]
[2022.01.10-20.12.46:163][  0]LogConfig: Setting CVar [[r.DOF.Scatter.MaxSpriteRatio:0.1         ; only a maximum of 10% of scattered bokeh]]
[2022.01.10-20.12.46:163][  0]LogConfig: Setting CVar [[r.DOF.Recombine.Quality:1                ; cheap slight out of focus]]
[2022.01.10-20.12.46:163][  0]LogConfig: Setting CVar [[r.DOF.Recombine.EnableBokehSettings:0    ; no bokeh simulation on slight out of focus]]
[2022.01.10-20.12.46:163][  0]LogConfig: Setting CVar [[r.DOF.TemporalAAQuality:1                ; more stable temporal accumulation]]
[2022.01.10-20.12.46:163][  0]LogConfig: Setting CVar [[r.DOF.Kernel.MaxForegroundRadius:0.025]]
[2022.01.10-20.12.46:163][  0]LogConfig: Setting CVar [[r.DOF.Kernel.MaxBackgroundRadius:0.025]]
[2022.01.10-20.12.46:163][  0]LogConfig: Applying CVar settings from Section [TextureQuality@3] File [C:/Users/ajsut/Documents/Unreal Projects/MonsterShooterFps/Fps_Monster_Shooter/Saved/Config/Windows/Scalability.ini]
[2022.01.10-20.12.46:163][  0]LogConfig: Setting CVar [[r.Streaming.MipBias:0]]
[2022.01.10-20.12.46:163][  0]LogConfig: Setting CVar [[r.Streaming.AmortizeCPUToGPUCopy:0]]
[2022.01.10-20.12.46:163][  0]LogConfig: Setting CVar [[r.Streaming.MaxNumTexturesToStreamPerFrame:0]]
[2022.01.10-20.12.46:163][  0]LogConfig: Setting CVar [[r.Streaming.Boost:1]]
[2022.01.10-20.12.46:163][  0]LogConfig: Setting CVar [[r.MaxAnisotropy:8]]
[2022.01.10-20.12.46:163][  0]LogConfig: Setting CVar [[r.VT.MaxAnisotropy:8]]
[2022.01.10-20.12.46:163][  0]LogConfig: Setting CVar [[r.Streaming.LimitPoolSizeToVRAM:0]]
[2022.01.10-20.12.46:163][  0]LogConfig: Setting CVar [[r.Streaming.PoolSize:1000]]
[2022.01.10-20.12.46:163][  0]LogConfig: Setting CVar [[r.Streaming.MaxEffectiveScreenSize:0]]
[2022.01.10-20.12.46:163][  0]LogConfig: Applying CVar settings from Section [EffectsQuality@3] File [C:/Users/ajsut/Documents/Unreal Projects/MonsterShooterFps/Fps_Monster_Shooter/Saved/Config/Windows/Scalability.ini]
[2022.01.10-20.12.46:163][  0]LogConfig: Setting CVar [[r.TranslucencyLightingVolumeDim:64]]
[2022.01.10-20.12.46:163][  0]LogConfig: Setting CVar [[r.RefractionQuality:2]]
[2022.01.10-20.12.46:163][  0]LogConfig: Setting CVar [[r.SSR.Quality:3]]
[2022.01.10-20.12.46:163][  0]LogConfig: Setting CVar [[r.SSR.HalfResSceneColor:0]]
[2022.01.10-20.12.46:163][  0]LogConfig: Setting CVar [[r.SceneColorFormat:4]]
[2022.01.10-20.12.46:163][  0]LogConfig: Setting CVar [[r.DetailMode:2]]
[2022.01.10-20.12.46:163][  0]LogConfig: Setting CVar [[r.TranslucencyVolumeBlur:1]]
[2022.01.10-20.12.46:163][  0]LogConfig: Setting CVar [[r.MaterialQualityLevel:1 ; High quality]]
[2022.01.10-20.12.46:163][  0]LogConfig: Setting CVar [[r.AnisotropicMaterials:1]]
[2022.01.10-20.12.46:163][  0]LogConfig: Setting CVar [[r.SSS.Scale:1]]
[2022.01.10-20.12.46:163][  0]LogConfig: Setting CVar [[r.SSS.SampleSet:2]]
[2022.01.10-20.12.46:163][  0]LogConfig: Setting CVar [[r.SSS.Quality:1]]
[2022.01.10-20.12.46:163][  0]LogConfig: Setting CVar [[r.SSS.HalfRes:0]]
[2022.01.10-20.12.46:163][  0]LogConfig: Setting CVar [[r.SSGI.Quality:3]]
[2022.01.10-20.12.46:163][  0]LogConfig: Setting CVar [[r.EmitterSpawnRateScale:1.0]]
[2022.01.10-20.12.46:163][  0]LogConfig: Setting CVar [[r.ParticleLightQuality:2]]
[2022.01.10-20.12.46:163][  0]LogConfig: Setting CVar [[r.SkyAtmosphere.AerialPerspectiveLUT.FastApplyOnOpaque:1 ; Always have FastSkyLUT 1 in this case to avoid wrong sky]]
[2022.01.10-20.12.46:163][  0]LogConfig: Setting CVar [[r.SkyAtmosphere.AerialPerspectiveLUT.SampleCountMaxPerSlice:4]]
[2022.01.10-20.12.46:163][  0]LogConfig: Setting CVar [[r.SkyAtmosphere.AerialPerspectiveLUT.DepthResolution:16.0]]
[2022.01.10-20.12.46:163][  0]LogConfig: Setting CVar [[r.SkyAtmosphere.FastSkyLUT:1]]
[2022.01.10-20.12.46:163][  0]LogConfig: Setting CVar [[r.SkyAtmosphere.FastSkyLUT.SampleCountMin:4.0]]
[2022.01.10-20.12.46:163][  0]LogConfig: Setting CVar [[r.SkyAtmosphere.FastSkyLUT.SampleCountMax:128.0]]
[2022.01.10-20.12.46:163][  0]LogConfig: Setting CVar [[r.SkyAtmosphere.SampleCountMin:4.0]]
[2022.01.10-20.12.46:163][  0]LogConfig: Setting CVar [[r.SkyAtmosphere.SampleCountMax:128.0]]
[2022.01.10-20.12.46:163][  0]LogConfig: Setting CVar [[r.SkyAtmosphere.TransmittanceLUT.UseSmallFormat:0]]
[2022.01.10-20.12.46:163][  0]LogConfig: Setting CVar [[r.SkyAtmosphere.TransmittanceLUT.SampleCount:10.0]]
[2022.01.10-20.12.46:163][  0]LogConfig: Setting CVar [[r.SkyAtmosphere.MultiScatteringLUT.SampleCount:15.0]]
[2022.01.10-20.12.46:163][  0]LogConfig: Setting CVar [[r.SkyLight.RealTimeReflectionCapture:1]]
[2022.01.10-20.12.46:164][  0]LogConfig: Applying CVar settings from Section [FoliageQuality@3] File [C:/Users/ajsut/Documents/Unreal Projects/MonsterShooterFps/Fps_Monster_Shooter/Saved/Config/Windows/Scalability.ini]
[2022.01.10-20.12.46:164][  0]LogConfig: Setting CVar [[foliage.DensityScale:1.0]]
[2022.01.10-20.12.46:164][  0]LogConfig: Setting CVar [[grass.DensityScale:1.0]]
[2022.01.10-20.12.46:164][  0]LogConfig: Applying CVar settings from Section [ShadingQuality@3] File [C:/Users/ajsut/Documents/Unreal Projects/MonsterShooterFps/Fps_Monster_Shooter/Saved/Config/Windows/Scalability.ini]
[2022.01.10-20.12.46:164][  0]LogConfig: Setting CVar [[r.HairStrands.SkyLighting.IntegrationType:2]]
[2022.01.10-20.12.46:164][  0]LogConfig: Setting CVar [[r.HairStrands.SkyAO.SampleCount:4]]
[2022.01.10-20.12.46:164][  0]LogConfig: Setting CVar [[r.HairStrands.Visibility.MSAA.SamplePerPixel:4]]
[2022.01.10-20.12.46:164][  0]LogInit: Selected Device Profile: [Windows]
[2022.01.10-20.12.46:164][  0]LogInit: Applying CVar settings loaded from the selected device profile: [Windows]
[2022.01.10-20.12.46:164][  0]LogHAL: Display: Platform has ~ 16 GB [17101983744 / 17179869184 / 16], which maps to Larger [LargestMinGB=32, LargerMinGB=12, DefaultMinGB=8, SmallerMinGB=6, SmallestMinGB=0)
[2022.01.10-20.12.46:164][  0]LogInit: Going up to parent DeviceProfile []
[2022.01.10-20.12.46:164][  0]LogConfig: Applying CVar settings from Section [ViewDistanceQuality@3] File [C:/Users/ajsut/Documents/Unreal Projects/MonsterShooterFps/Fps_Monster_Shooter/Saved/Config/Windows/Scalability.ini]
[2022.01.10-20.12.46:164][  0]LogConfig: Setting CVar [[r.SkeletalMeshLODBias:0]]
[2022.01.10-20.12.46:164][  0]LogConfig: Setting CVar [[r.ViewDistanceScale:1.0]]
[2022.01.10-20.12.46:164][  0]LogConfig: Applying CVar settings from Section [AntiAliasingQuality@3] File [C:/Users/ajsut/Documents/Unreal Projects/MonsterShooterFps/Fps_Monster_Shooter/Saved/Config/Windows/Scalability.ini]
[2022.01.10-20.12.46:164][  0]LogConfig: Setting CVar [[r.PostProcessAAQuality:4]]
[2022.01.10-20.12.46:164][  0]LogConfig: Applying CVar settings from Section [ShadowQuality@3] File [C:/Users/ajsut/Documents/Unreal Projects/MonsterShooterFps/Fps_Monster_Shooter/Saved/Config/Windows/Scalability.ini]
[2022.01.10-20.12.46:164][  0]LogConfig: Setting CVar [[r.LightFunctionQuality:1]]
[2022.01.10-20.12.46:164][  0]LogConfig: Setting CVar [[r.ShadowQuality:5]]
[2022.01.10-20.12.46:164][  0]LogConfig: Setting CVar [[r.Shadow.CSM.MaxCascades:10]]
[2022.01.10-20.12.46:164][  0]LogConfig: Setting CVar [[r.Shadow.MaxResolution:2048]]
[2022.01.10-20.12.46:164][  0]LogConfig: Setting CVar [[r.Shadow.MaxCSMResolution:2048]]
[2022.01.10-20.12.46:164][  0]LogConfig: Setting CVar [[r.Shadow.RadiusThreshold:0.01]]
[2022.01.10-20.12.46:164][  0]LogConfig: Setting CVar [[r.Shadow.DistanceScale:1.0]]
[2022.01.10-20.12.46:164][  0]LogConfig: Setting CVar [[r.Shadow.CSM.TransitionScale:1.0]]
[2022.01.10-20.12.46:164][  0]LogConfig: Setting CVar [[r.Shadow.PreShadowResolutionFactor:1.0]]
[2022.01.10-20.12.46:164][  0]LogConfig: Setting CVar [[r.DistanceFieldShadowing:1]]
[2022.01.10-20.12.46:164][  0]LogConfig: Setting CVar [[r.DistanceFieldAO:1]]
[2022.01.10-20.12.46:164][  0]LogConfig: Setting CVar [[r.AOQuality:2]]
[2022.01.10-20.12.46:164][  0]LogConfig: Setting CVar [[r.VolumetricFog:1]]
[2022.01.10-20.12.46:164][  0]LogConfig: Setting CVar [[r.VolumetricFog.GridPixelSize:8]]
[2022.01.10-20.12.46:164][  0]LogConfig: Setting CVar [[r.VolumetricFog.GridSizeZ:128]]
[2022.01.10-20.12.46:164][  0]LogConfig: Setting CVar [[r.VolumetricFog.HistoryMissSupersampleCount:4]]
[2022.01.10-20.12.46:164][  0]LogConfig: Setting CVar [[r.LightMaxDrawDistanceScale:1]]
[2022.01.10-20.12.46:164][  0]LogConfig: Setting CVar [[r.CapsuleShadows:1]]
[2022.01.10-20.12.46:164][  0]LogConfig: Applying CVar settings from Section [PostProcessQuality@3] File [C:/Users/ajsut/Documents/Unreal Projects/MonsterShooterFps/Fps_Monster_Shooter/Saved/Config/Windows/Scalability.ini]
[2022.01.10-20.12.46:164][  0]LogConfig: Setting CVar [[r.MotionBlurQuality:4]]
[2022.01.10-20.12.46:164][  0]LogConfig: Setting CVar [[r.AmbientOcclusionMipLevelFactor:0.4]]
[2022.01.10-20.12.46:164][  0]LogConfig: Setting CVar [[r.AmbientOcclusionMaxQuality:100]]
[2022.01.10-20.12.46:164][  0]LogConfig: Setting CVar [[r.AmbientOcclusionLevels:-1]]
[2022.01.10-20.12.46:164][  0]LogConfig: Setting CVar [[r.AmbientOcclusionRadiusScale:1.0]]
[2022.01.10-20.12.46:164][  0]LogConfig: Setting CVar [[r.DepthOfFieldQuality:2]]
[2022.01.10-20.12.46:164][  0]LogConfig: Setting CVar [[r.RenderTargetPoolMin:400]]
[2022.01.10-20.12.46:164][  0]LogConfig: Setting CVar [[r.LensFlareQuality:2]]
[2022.01.10-20.12.46:164][  0]LogConfig: Setting CVar [[r.SceneColorFringeQuality:1]]
[2022.01.10-20.12.46:164][  0]LogConfig: Setting CVar [[r.EyeAdaptationQuality:2]]
[2022.01.10-20.12.46:164][  0]LogConfig: Setting CVar [[r.BloomQuality:5]]
[2022.01.10-20.12.46:164][  0]LogConfig: Setting CVar [[r.FastBlurThreshold:100]]
[2022.01.10-20.12.46:164][  0]LogConfig: Setting CVar [[r.Upscale.Quality:3]]
[2022.01.10-20.12.46:164][  0]LogConfig: Setting CVar [[r.Tonemapper.GrainQuantization:1]]
[2022.01.10-20.12.46:164][  0]LogConfig: Setting CVar [[r.LightShaftQuality:1]]
[2022.01.10-20.12.46:164][  0]LogConfig: Setting CVar [[r.Filter.SizeScale:1]]
[2022.01.10-20.12.46:164][  0]LogConfig: Setting CVar [[r.Tonemapper.Quality:5]]
[2022.01.10-20.12.46:164][  0]LogConfig: Setting CVar [[r.DOF.Gather.AccumulatorQuality:1        ; higher gathering accumulator quality]]
[2022.01.10-20.12.46:164][  0]LogConfig: Setting CVar [[r.DOF.Gather.PostfilterMethod:1          ; Median3x3 postfilering method]]
[2022.01.10-20.12.46:164][  0]LogConfig: Setting CVar [[r.DOF.Gather.EnableBokehSettings:0       ; no bokeh simulation when gathering]]
[2022.01.10-20.12.46:164][  0]LogConfig: Setting CVar [[r.DOF.Gather.RingCount:4                 ; medium number of samples when gathering]]
[2022.01.10-20.12.46:164][  0]LogConfig: Setting CVar [[r.DOF.Scatter.ForegroundCompositing:1    ; additive foreground scattering]]
[2022.01.10-20.12.46:164][  0]LogConfig: Setting CVar [[r.DOF.Scatter.BackgroundCompositing:2    ; additive background scattering]]
[2022.01.10-20.12.46:164][  0]LogConfig: Setting CVar [[r.DOF.Scatter.EnableBokehSettings:1      ; bokeh simulation when scattering]]
[2022.01.10-20.12.46:164][  0]LogConfig: Setting CVar [[r.DOF.Scatter.MaxSpriteRatio:0.1         ; only a maximum of 10% of scattered bokeh]]
[2022.01.10-20.12.46:164][  0]LogConfig: Setting CVar [[r.DOF.Recombine.Quality:1                ; cheap slight out of focus]]
[2022.01.10-20.12.46:164][  0]LogConfig: Setting CVar [[r.DOF.Recombine.EnableBokehSettings:0    ; no bokeh simulation on slight out of focus]]
[2022.01.10-20.12.46:164][  0]LogConfig: Setting CVar [[r.DOF.TemporalAAQuality:1                ; more stable temporal accumulation]]
[2022.01.10-20.12.46:164][  0]LogConfig: Setting CVar [[r.DOF.Kernel.MaxForegroundRadius:0.025]]
[2022.01.10-20.12.46:164][  0]LogConfig: Setting CVar [[r.DOF.Kernel.MaxBackgroundRadius:0.025]]
[2022.01.10-20.12.46:164][  0]LogConfig: Applying CVar settings from Section [TextureQuality@3] File [C:/Users/ajsut/Documents/Unreal Projects/MonsterShooterFps/Fps_Monster_Shooter/Saved/Config/Windows/Scalability.ini]
[2022.01.10-20.12.46:164][  0]LogConfig: Setting CVar [[r.Streaming.MipBias:0]]
[2022.01.10-20.12.46:164][  0]LogConfig: Setting CVar [[r.Streaming.AmortizeCPUToGPUCopy:0]]
[2022.01.10-20.12.46:164][  0]LogConfig: Setting CVar [[r.Streaming.MaxNumTexturesToStreamPerFrame:0]]
[2022.01.10-20.12.46:164][  0]LogConfig: Setting CVar [[r.Streaming.Boost:1]]
[2022.01.10-20.12.46:164][  0]LogConfig: Setting CVar [[r.MaxAnisotropy:8]]
[2022.01.10-20.12.46:164][  0]LogConfig: Setting CVar [[r.VT.MaxAnisotropy:8]]
[2022.01.10-20.12.46:164][  0]LogConfig: Setting CVar [[r.Streaming.LimitPoolSizeToVRAM:0]]
[2022.01.10-20.12.46:164][  0]LogConfig: Setting CVar [[r.Streaming.PoolSize:1000]]
[2022.01.10-20.12.46:164][  0]LogConfig: Setting CVar [[r.Streaming.MaxEffectiveScreenSize:0]]
[2022.01.10-20.12.46:164][  0]LogConfig: Applying CVar settings from Section [EffectsQuality@3] File [C:/Users/ajsut/Documents/Unreal Projects/MonsterShooterFps/Fps_Monster_Shooter/Saved/Config/Windows/Scalability.ini]
[2022.01.10-20.12.46:164][  0]LogConfig: Setting CVar [[r.TranslucencyLightingVolumeDim:64]]
[2022.01.10-20.12.46:164][  0]LogConfig: Setting CVar [[r.RefractionQuality:2]]
[2022.01.10-20.12.46:164][  0]LogConfig: Setting CVar [[r.SSR.Quality:3]]
[2022.01.10-20.12.46:165][  0]LogConfig: Setting CVar [[r.SSR.HalfResSceneColor:0]]
[2022.01.10-20.12.46:165][  0]LogConfig: Setting CVar [[r.SceneColorFormat:4]]
[2022.01.10-20.12.46:165][  0]LogConfig: Setting CVar [[r.DetailMode:2]]
[2022.01.10-20.12.46:165][  0]LogConfig: Setting CVar [[r.TranslucencyVolumeBlur:1]]
[2022.01.10-20.12.46:165][  0]LogConfig: Setting CVar [[r.MaterialQualityLevel:1 ; High quality]]
[2022.01.10-20.12.46:165][  0]LogConfig: Setting CVar [[r.AnisotropicMaterials:1]]
[2022.01.10-20.12.46:165][  0]LogConfig: Setting CVar [[r.SSS.Scale:1]]
[2022.01.10-20.12.46:165][  0]LogConfig: Setting CVar [[r.SSS.SampleSet:2]]
[2022.01.10-20.12.46:165][  0]LogConfig: Setting CVar [[r.SSS.Quality:1]]
[2022.01.10-20.12.46:165][  0]LogConfig: Setting CVar [[r.SSS.HalfRes:0]]
[2022.01.10-20.12.46:165][  0]LogConfig: Setting CVar [[r.SSGI.Quality:3]]
[2022.01.10-20.12.46:165][  0]LogConfig: Setting CVar [[r.EmitterSpawnRateScale:1.0]]
[2022.01.10-20.12.46:165][  0]LogConfig: Setting CVar [[r.ParticleLightQuality:2]]
[2022.01.10-20.12.46:165][  0]LogConfig: Setting CVar [[r.SkyAtmosphere.AerialPerspectiveLUT.FastApplyOnOpaque:1 ; Always have FastSkyLUT 1 in this case to avoid wrong sky]]
[2022.01.10-20.12.46:165][  0]LogConfig: Setting CVar [[r.SkyAtmosphere.AerialPerspectiveLUT.SampleCountMaxPerSlice:4]]
[2022.01.10-20.12.46:165][  0]LogConfig: Setting CVar [[r.SkyAtmosphere.AerialPerspectiveLUT.DepthResolution:16.0]]
[2022.01.10-20.12.46:165][  0]LogConfig: Setting CVar [[r.SkyAtmosphere.FastSkyLUT:1]]
[2022.01.10-20.12.46:165][  0]LogConfig: Setting CVar [[r.SkyAtmosphere.FastSkyLUT.SampleCountMin:4.0]]
[2022.01.10-20.12.46:165][  0]LogConfig: Setting CVar [[r.SkyAtmosphere.FastSkyLUT.SampleCountMax:128.0]]
[2022.01.10-20.12.46:165][  0]LogConfig: Setting CVar [[r.SkyAtmosphere.SampleCountMin:4.0]]
[2022.01.10-20.12.46:165][  0]LogConfig: Setting CVar [[r.SkyAtmosphere.SampleCountMax:128.0]]
[2022.01.10-20.12.46:165][  0]LogConfig: Setting CVar [[r.SkyAtmosphere.TransmittanceLUT.UseSmallFormat:0]]
[2022.01.10-20.12.46:165][  0]LogConfig: Setting CVar [[r.SkyAtmosphere.TransmittanceLUT.SampleCount:10.0]]
[2022.01.10-20.12.46:165][  0]LogConfig: Setting CVar [[r.SkyAtmosphere.MultiScatteringLUT.SampleCount:15.0]]
[2022.01.10-20.12.46:165][  0]LogConfig: Setting CVar [[r.SkyLight.RealTimeReflectionCapture:1]]
[2022.01.10-20.12.46:165][  0]LogConfig: Applying CVar settings from Section [FoliageQuality@3] File [C:/Users/ajsut/Documents/Unreal Projects/MonsterShooterFps/Fps_Monster_Shooter/Saved/Config/Windows/Scalability.ini]
[2022.01.10-20.12.46:165][  0]LogConfig: Setting CVar [[foliage.DensityScale:1.0]]
[2022.01.10-20.12.46:165][  0]LogConfig: Setting CVar [[grass.DensityScale:1.0]]
[2022.01.10-20.12.46:165][  0]LogConfig: Applying CVar settings from Section [ShadingQuality@3] File [C:/Users/ajsut/Documents/Unreal Projects/MonsterShooterFps/Fps_Monster_Shooter/Saved/Config/Windows/Scalability.ini]
[2022.01.10-20.12.46:165][  0]LogConfig: Setting CVar [[r.HairStrands.SkyLighting.IntegrationType:2]]
[2022.01.10-20.12.46:165][  0]LogConfig: Setting CVar [[r.HairStrands.SkyAO.SampleCount:4]]
[2022.01.10-20.12.46:165][  0]LogConfig: Setting CVar [[r.HairStrands.Visibility.MSAA.SamplePerPixel:4]]
[2022.01.10-20.12.46:165][  0]LogConfig: Applying CVar settings from Section [Startup] File [../../../Engine/Config/ConsoleVariables.ini]
[2022.01.10-20.12.46:166][  0]LogConfig: Setting CVar [[net.UseAdaptiveNetUpdateFrequency:0]]
[2022.01.10-20.12.46:166][  0]LogConfig: Setting CVar [[p.chaos.AllowCreatePhysxBodies:1]]
[2022.01.10-20.12.46:166][  0]LogConfig: Setting CVar [[fx.SkipVectorVMBackendOptimizations:1]]
[2022.01.10-20.12.46:166][  0]LogConfig: Applying CVar settings from Section [ConsoleVariables] File [C:/Users/ajsut/Documents/Unreal Projects/MonsterShooterFps/Fps_Monster_Shooter/Saved/Config/Windows/Engine.ini]
[2022.01.10-20.12.46:166][  0]LogConfig: Applying CVar settings from Section [ConsoleVariables] File [C:/Users/ajsut/Documents/Unreal Projects/MonsterShooterFps/Fps_Monster_Shooter/Saved/Config/Windows/Editor.ini]
[2022.01.10-20.12.46:166][  0]LogInit: Computer: DESKTOP-BV57UBR
[2022.01.10-20.12.46:166][  0]LogInit: User: ajsut
[2022.01.10-20.12.46:166][  0]LogInit: CPU Page size=4096, Cores=6
[2022.01.10-20.12.46:166][  0]LogInit: High frequency timer resolution =10.000000 MHz
[2022.01.10-20.12.46:166][  0]LogMemory: Memory total: Physical=15.9GB (16GB approx)
[2022.01.10-20.12.46:166][  0]LogMemory: Platform Memory Stats for Windows
[2022.01.10-20.12.46:166][  0]LogMemory: Process Physical Memory: 143.59 MB used, 143.59 MB peak
[2022.01.10-20.12.46:166][  0]LogMemory: Process Virtual Memory: 127.45 MB used, 127.45 MB peak
[2022.01.10-20.12.46:166][  0]LogMemory: Physical Memory: 7434.48 MB used,  8875.24 MB free, 16309.72 MB total
[2022.01.10-20.12.46:166][  0]LogMemory: Virtual Memory: 134211480.00 MB used,  6246.25 MB free, 134217728.00 MB total
[2022.01.10-20.12.46:171][  0]LogWindows: WindowsPlatformFeatures enabled
[2022.01.10-20.12.46:203][  0]LogInit: Physics initialised using underlying interface: PhysX
[2022.01.10-20.12.46:206][  0]LogInit: Using OS detected language (en-US).
[2022.01.10-20.12.46:206][  0]LogInit: Using OS detected locale (en-US).
[2022.01.10-20.12.46:209][  0]LogTextLocalizationManager: No specific localization for 'en-US' exists, so the 'en' localization will be used.
[2022.01.10-20.12.46:470][  0]LogInit: Setting process to per monitor DPI aware
[2022.01.10-20.12.46:478][  0]LogWindowsTextInputMethodSystem: Display: IME system deactivated.
[2022.01.10-20.12.46:504][  0]LogSlate: New Slate User Created.  User Index 0, Is Virtual User: 0
[2022.01.10-20.12.46:504][  0]LogSlate: Slate User Registered.  User Index 0, Is Virtual User: 0
[2022.01.10-20.12.46:844][  0]LogD3D11RHI: Loaded GFSDK_Aftermath_Lib.x64.dll
[2022.01.10-20.12.46:846][  0]LogHMD: Failed to initialize OpenVR with code 110
[2022.01.10-20.12.46:846][  0]LogD3D11RHI: D3D11 min allowed feature level: 11_0
[2022.01.10-20.12.46:846][  0]LogD3D11RHI: D3D11 max allowed feature level: 11_0
[2022.01.10-20.12.46:846][  0]LogD3D11RHI: D3D11 adapters:
[2022.01.10-20.12.46:891][  0]LogD3D11RHI:    0. 'AMD Radeon RX 5700 XT' (Feature Level 11_0)
[2022.01.10-20.12.46:891][  0]LogD3D11RHI:       8151/0/8154 MB DedicatedVideo/DedicatedSystem/SharedSystem, Outputs:2, VendorId:0x1002
[2022.01.10-20.12.46:893][  0]LogD3D11RHI:    1. 'Microsoft Basic Render Driver' (Feature Level 11_0)
[2022.01.10-20.12.46:893][  0]LogD3D11RHI:       0/0/8154 MB DedicatedVideo/DedicatedSystem/SharedSystem, Outputs:0, VendorId:0x1414
[2022.01.10-20.12.46:893][  0]LogD3D11RHI: Chosen D3D11 Adapter:
[2022.01.10-20.12.46:893][  0]LogD3D11RHI:     Description : AMD Radeon RX 5700 XT
[2022.01.10-20.12.46:893][  0]LogD3D11RHI:     VendorId    : 1002
[2022.01.10-20.12.46:893][  0]LogD3D11RHI:     DeviceId    : 731f
[2022.01.10-20.12.46:893][  0]LogD3D11RHI:     SubSysId    : e4111da2
[2022.01.10-20.12.46:893][  0]LogD3D11RHI:     Revision    : 00c1
[2022.01.10-20.12.46:893][  0]LogD3D11RHI:     DedicatedVideoMemory : 8547860480 bytes
[2022.01.10-20.12.46:893][  0]LogD3D11RHI:     DedicatedSystemMemory : 0 bytes
[2022.01.10-20.12.46:893][  0]LogD3D11RHI:     SharedSystemMemory : 8550991872 bytes
[2022.01.10-20.12.46:893][  0]LogD3D11RHI:     AdapterLuid : 0 37820
[2022.01.10-20.12.46:898][  0]LogD3D11RHI: Creating new Direct3DDevice
[2022.01.10-20.12.46:898][  0]LogD3D11RHI:     GPU DeviceId: 0x731f (for the marketing name, search the web for "GPU Device Id")
[2022.01.10-20.12.46:898][  0]LogWindows: EnumDisplayDevices:
[2022.01.10-20.12.46:899][  0]LogWindows:    0. 'AMD Radeon RX 5700 XT' (P:1 D:1)
[2022.01.10-20.12.46:899][  0]LogWindows:    1. 'AMD Radeon RX 5700 XT' (P:0 D:1)
[2022.01.10-20.12.46:899][  0]LogWindows:    2. 'AMD Radeon RX 5700 XT' (P:0 D:0)
[2022.01.10-20.12.46:900][  0]LogWindows:    3. 'AMD Radeon RX 5700 XT' (P:0 D:0)
[2022.01.10-20.12.46:900][  0]LogWindows:    4. 'AMD Radeon RX 5700 XT' (P:0 D:0)
[2022.01.10-20.12.46:900][  0]LogWindows:    5. 'AMD Radeon RX 5700 XT' (P:0 D:0)
[2022.01.10-20.12.46:900][  0]LogWindows:    6. 'AMD Radeon RX 5700 XT' (P:0 D:0)
[2022.01.10-20.12.46:901][  0]LogWindows: DebugString: FoundDriverCount:7 
[2022.01.10-20.12.46:901][  0]LogD3D11RHI:     Adapter Name: AMD Radeon RX 5700 XT
[2022.01.10-20.12.46:901][  0]LogD3D11RHI:   Driver Version: Adrenalin 21.30.23.01 (internal:30.0.13023.1012, unified:30.0.13023.1012)
[2022.01.10-20.12.46:901][  0]LogD3D11RHI:      Driver Date: 10-18-2021
[2022.01.10-20.12.46:901][  0]LogRHI: Texture pool is 5168 MB (70% of 7383 MB)
[2022.01.10-20.12.46:930][  0]LogD3D11RHI: Creating D3DDevice with AMD AGS, using adapter:
[2022.01.10-20.12.46:930][  0]LogD3D11RHI:     Description : AMD Radeon RX 5700 XT
[2022.01.10-20.12.46:930][  0]LogD3D11RHI:     VendorId    : 1002
[2022.01.10-20.12.46:930][  0]LogD3D11RHI:     DeviceId    : 731f
[2022.01.10-20.12.46:930][  0]LogD3D11RHI:     SubSysId    : e4111da2
[2022.01.10-20.12.46:930][  0]LogD3D11RHI:     Revision    : 00c1
[2022.01.10-20.12.46:930][  0]LogD3D11RHI:     DedicatedVideoMemory : 8547860480 bytes
[2022.01.10-20.12.46:930][  0]LogD3D11RHI:     DedicatedSystemMemory : 0 bytes
[2022.01.10-20.12.46:930][  0]LogD3D11RHI:     SharedSystemMemory : 8550991872 bytes
[2022.01.10-20.12.46:930][  0]LogD3D11RHI:     AdapterLuid : 0 37820
[2022.01.10-20.12.46:969][  0]LogD3D11RHI: Created device via AGS, feature level 11_0, supported extensions 1fffffbf.
[2022.01.10-20.12.46:969][  0]LogD3D11RHI: RHI has support for 64 bit atomics
[2022.01.10-20.12.46:969][  0]LogD3D11RHI: Async texture creation enabled
[2022.01.10-20.12.46:969][  0]LogD3D11RHI: Array index from any shader is supported
[2022.01.10-20.12.46:970][  0]LogD3D11RHI: HDR output is supported on display 0 (AMD Device: 0x0, Display: 0x1).
[2022.01.10-20.12.46:983][  0]LogD3D11RHI: GPU Timing Frequency: 100.000000 (Debug: 2 1)
[2022.01.10-20.12.47:325][  0]LogTargetPlatformManager: Display: Loaded TargetPlatform 'AllDesktop'
[2022.01.10-20.12.47:351][  0]LogTargetPlatformManager: Display: Loaded TargetPlatform 'Android'
[2022.01.10-20.12.47:351][  0]LogTargetPlatformManager: Display: Loaded TargetPlatform 'Android_ASTC'
[2022.01.10-20.12.47:351][  0]LogTargetPlatformManager: Display: Loaded TargetPlatform 'Android_DXT'
[2022.01.10-20.12.47:351][  0]LogTargetPlatformManager: Display: Loaded TargetPlatform 'Android_ETC2'
[2022.01.10-20.12.47:351][  0]LogTargetPlatformManager: Display: Loaded TargetPlatform 'AndroidClient'
[2022.01.10-20.12.47:351][  0]LogTargetPlatformManager: Display: Loaded TargetPlatform 'Android_ASTCClient'
[2022.01.10-20.12.47:351][  0]LogTargetPlatformManager: Display: Loaded TargetPlatform 'Android_DXTClient'
[2022.01.10-20.12.47:351][  0]LogTargetPlatformManager: Display: Loaded TargetPlatform 'Android_ETC2Client'
[2022.01.10-20.12.47:351][  0]LogTargetPlatformManager: Display: Loaded TargetPlatform 'Android_Multi'
[2022.01.10-20.12.47:351][  0]LogTargetPlatformManager: Display: Loaded TargetPlatform 'Android_MultiClient'
[2022.01.10-20.12.47:373][  0]LogTargetPlatformManager: Display: Loaded TargetPlatform 'IOSClient'
[2022.01.10-20.12.47:373][  0]LogTargetPlatformManager: Display: Loaded TargetPlatform 'IOS'
[2022.01.10-20.12.47:385][  0]LogTargetPlatformManager: Display: Loaded TargetPlatform 'Linux'
[2022.01.10-20.12.47:391][  0]LogTargetPlatformManager: Display: Loaded TargetPlatform 'LinuxNoEditor'
[2022.01.10-20.12.47:396][  0]LogTargetPlatformManager: Display: Loaded TargetPlatform 'LinuxClient'
[2022.01.10-20.12.47:401][  0]LogTargetPlatformManager: Display: Loaded TargetPlatform 'LinuxServer'
[2022.01.10-20.12.47:413][  0]LogTargetPlatformManager: Display: Loaded TargetPlatform 'LinuxAArch64NoEditor'
[2022.01.10-20.12.47:418][  0]LogTargetPlatformManager: Display: Loaded TargetPlatform 'LinuxAArch64Client'
[2022.01.10-20.12.47:423][  0]LogTargetPlatformManager: Display: Loaded TargetPlatform 'LinuxAArch64Server'
[2022.01.10-20.12.47:455][  0]LogTargetPlatformManager: Display: Loaded TargetPlatform 'Lumin'
[2022.01.10-20.12.47:455][  0]LogTargetPlatformManager: Display: Loaded TargetPlatform 'LuminClient'
[2022.01.10-20.12.47:465][  0]LogTargetPlatformManager: Display: Loaded TargetPlatform 'MacNoEditor'
[2022.01.10-20.12.47:470][  0]LogTargetPlatformManager: Display: Loaded TargetPlatform 'Mac'
[2022.01.10-20.12.47:475][  0]LogTargetPlatformManager: Display: Loaded TargetPlatform 'MacClient'
[2022.01.10-20.12.47:481][  0]LogTargetPlatformManager: Display: Loaded TargetPlatform 'MacServer'
[2022.01.10-20.12.47:493][  0]LogTargetPlatformManager: Display: Loaded TargetPlatform 'TVOSClient'
[2022.01.10-20.12.47:493][  0]LogTargetPlatformManager: Display: Loaded TargetPlatform 'TVOS'
[2022.01.10-20.12.47:505][  0]LogTargetPlatformManager: Display: Loaded TargetPlatform 'WindowsNoEditor'
[2022.01.10-20.12.47:511][  0]LogTargetPlatformManager: Display: Loaded TargetPlatform 'Windows'
[2022.01.10-20.12.47:516][  0]LogTargetPlatformManager: Display: Loaded TargetPlatform 'WindowsClient'
[2022.01.10-20.12.47:522][  0]LogTargetPlatformManager: Display: Loaded TargetPlatform 'WindowsServer'
[2022.01.10-20.12.47:522][  0]LogTargetPlatformManager: Display: Building Assets For Windows
[2022.01.10-20.12.47:533][  0]LogAudioDebug: Display: Lib vorbis DLL was dynamically loaded.
[2022.01.10-20.12.47:571][  0]LogTextureFormatOodle: Display: Oodle Texture 2.9.0 init RDO Off
[2022.01.10-20.12.47:614][  0]LogRendererCore: Ray tracing is disabled. Reason: r.RayTracing=0.
[2022.01.10-20.12.47:614][  0]LogShaderCompilers: Guid format shader working directory is -32 characters bigger than the processId version (C:/Users/ajsut/Documents/Unreal Projects/MonsterShooterFps/Fps_Monster_Shooter/Intermediate/Shaders/WorkingDirectory/6716/).
[2022.01.10-20.12.47:614][  0]LogShaderCompilers: Cleaned the shader compiler working directory 'C:/Users/ajsut/AppData/Local/Temp/UnrealShaderWorkingDir/F170C58E467B58404752F38A254CF333/'.
[2022.01.10-20.12.47:614][  0]LogXGEController: Cannot use XGE Controller as Incredibuild is not installed on this machine.
[2022.01.10-20.12.47:614][  0]LogShaderCompilers: Cannot use XGE Shader Compiler as Incredibuild is not installed on this machine.
[2022.01.10-20.12.47:614][  0]LogShaderCompilers: Display: Using Local Shader Compiler.
[2022.01.10-20.12.48:574][  0]LogDerivedDataCache: Display: Max Cache Size: 512 MB
[2022.01.10-20.12.48:865][  0]LogDerivedDataCache: Loaded boot cache 0.29s 99MB C:/Users/ajsut/AppData/Local/UnrealEngine/4.27/DerivedDataCache/Boot.ddc.
[2022.01.10-20.12.48:865][  0]LogDerivedDataCache: Display: Loaded Boot cache: C:/Users/ajsut/AppData/Local/UnrealEngine/4.27/DerivedDataCache/Boot.ddc
[2022.01.10-20.12.48:865][  0]LogDerivedDataCache: FDerivedDataBackendGraph:  Pak pak cache file C:/Users/ajsut/Documents/Unreal Projects/MonsterShooterFps/Fps_Monster_Shooter/DerivedDataCache/DDC.ddp not found, will not use a pak cache.
[2022.01.10-20.12.48:865][  0]LogDerivedDataCache: Unable to find inner node Pak for hierarchical cache Hierarchy.
[2022.01.10-20.12.48:865][  0]LogDerivedDataCache: FDerivedDataBackendGraph:  CompressedPak pak cache file C:/Users/ajsut/Documents/Unreal Projects/MonsterShooterFps/Fps_Monster_Shooter/DerivedDataCache/Compressed.ddp not found, will not use a pak cache.
[2022.01.10-20.12.48:865][  0]LogDerivedDataCache: Unable to find inner node CompressedPak for hierarchical cache Hierarchy.
[2022.01.10-20.12.48:888][  0]LogDerivedDataCache: Display: Pak cache opened for reading ../../../Engine/DerivedDataCache/Compressed.ddp.
[2022.01.10-20.12.48:888][  0]LogDerivedDataCache: FDerivedDataBackendGraph:  EnterprisePak pak cache file ../../../Enterprise/DerivedDataCache/Compressed.ddp not found, will not use a pak cache.
[2022.01.10-20.12.48:888][  0]LogDerivedDataCache: Unable to find inner node EnterprisePak for hierarchical cache Hierarchy.
[2022.01.10-20.12.48:904][  0]LogDerivedDataCache: Speed tests for C:/Users/ajsut/AppData/Local/UnrealEngine/Common/DerivedDataCache took 0.02 seconds
[2022.01.10-20.12.48:904][  0]LogDerivedDataCache: Display: Performance to C:/Users/ajsut/AppData/Local/UnrealEngine/Common/DerivedDataCache: Latency=0.06ms. RandomReadSpeed=87.17MBs, RandomWriteSpeed=185.16MBs. Assigned SpeedClass 'Local'
[2022.01.10-20.12.48:905][  0]LogDerivedDataCache: Using Local data cache path C:/Users/ajsut/AppData/Local/UnrealEngine/Common/DerivedDataCache: Writable
[2022.01.10-20.12.48:905][  0]LogDerivedDataCache: Shared data cache path not found in *engine.ini, will not use an Shared cache.
[2022.01.10-20.12.48:905][  0]LogDerivedDataCache: Unable to find inner node Shared for hierarchical cache Hierarchy.
[2022.01.10-20.12.48:962][  0]LogSlate: Using FreeType 2.10.0
[2022.01.10-20.12.48:963][  0]LogSlate: SlateFontServices - WITH_FREETYPE: 1, WITH_HARFBUZZ: 1
[2022.01.10-20.12.48:998][  0]LogAssetRegistry: FAssetRegistry took 0.0032 seconds to start up
[2022.01.10-20.12.49:268][  0]LogInit: Selected Device Profile: [Windows]
[2022.01.10-20.12.49:268][  0]LogInit: Active device profile: [00000223CAE35200][00000223C94B1B00 49] Windows
[2022.01.10-20.12.49:268][  0]LogInit: Profiles: [00000223CAE35200][00000223C94B1B00 49] Windows, [00000223CAE1EC00][00000223CBB56100 49] WindowsNoEditor, [00000223CAE36300][00000223CBB5A280 49] WindowsServer, [00000223CAE1F800][00000223CBB5E400 49] WindowsClient, [00000223CAE36F00][00000223CBB62580 49] IOS, [00000223CAE1E600][00000223CBB66700 49] iPadAir, [00000223CAE36400][00000223CBB6A880 49] iPadAir2, [00000223CAD9DA00][00000223CBB6EAC0 49] IPadPro, [00000223CAD9DB00][00000223CBB52B00 49] iPadAir3, [00000223CAE1FF00][00000223CBB72C40 49] iPadAir4, [00000223CAD9E900][00000223CBB76D80 49] iPadMini2, [00000223CAE1F900][00000223CBB7EF00 49] iPadMini3, [00000223CAD9F500][00000223CBB83080 49] iPadMini4, [00000223CAE1E100][00000223CBB87200 49] iPadMini5, [00000223CADC5300][00000223CBB8F4C0 49] iPhone6, [00000223CADC5400][00000223CBB8B500 49] iPodTouch6, [00000223CAE36900][00000223CBB977C0 49] iPhone7, [00000223CAE35700][00000223CBB93800 49] iPodTouch7, [00000223CAD9CF00][00000223CBB9B980 49] iPhone5S, [00000223CAE35B00][00000223CBB9FB00 49] iPhone6Plus, [00000223CAD9FD00][00000223CBBA2100 49] iPhone6S, [00000223CAE35F00][00000223CBBA6280 49] iPhone6SPlus, [00000223CAE37400][00000223CBBAA400 49] iPhone7Plus, [00000223CADC4800][00000223CBBAE580 49] iPhoneSE, [00000223CAE34400][00000223CBBB2700 49] iPhone8, [00000223CADC4F00][00000223CBBB6880 49] iPhone8Plus, [00000223CADC5600][00000223CBBBAA00 49] iPhoneX, [00000223CAD9F300][00000223CBB7AB40 49] iPhoneXS, [00000223CADC6800][00000223CBBBEC80 49] iPhoneXSMax, [00000223CAD9DD00][00000223CBBC2DC0 49] iPhoneXR, [00000223CADC6900][00000223CBBC6F00 49] iPhone11, [00000223CAD9C300][00000223CBBCF080 49] iPhone11Pro, [00000223CADC6500][00000223CBBD3200 49] iPhone11ProMax, [00000223CAD9C900][00000223CBBD7380 49] iPhoneSE2, [00000223CADC4A00][00000223CBBDB500 49] iPhone12Mini, [00000223CAE37200][00000223CBBDF680 49] iPhone12, [00000223CADC5800][00000223CBBE3800 49] iPhone12Pro, [00000223CAE37100][00000223CBBE7980 49] iPhone12ProMax, [00000223CADC7500][00000223CBBEBB00 49] iPadPro105, [00000223CAE34B00][00000223CBBEE100 49] iPadPro129, [00000223CADC4300][00000223CBBF2280 49] iPadPro97, [00000223CAE35100][00000223CBBF6400 49] iPadPro2_129, [00000223CADC4900][00000223CBBFA580 49] iPad5, [00000223CAE36700][00000223CBBFE700 49] iPad6, [00000223CADC5200][00000223CBC02880 49] iPad7, [00000223CAE35900][00000223CBC06A00 49] iPad8, [00000223CADC6300][00000223CBC0AB80 49] iPadPro11, [00000223CAE34600][00000223CBC0ED00 49] iPadPro2_11, [00000223CADC7F00][00000223CBBCAE40 49] iPadPro3_129, [00000223CAE37E00][00000223CBC12F80 49] iPadPro4_129, [00000223CADC7400][00000223CBC170C0 49] AppleTV, [00000223CAE36600][00000223CBC1F240 49] AppleTV4K, [00000223CADC6C00][00000223CBC233C0 49] TVOS, [00000223CAE36E00][00000223CBC27540 49] Mac, [00000223CADC4600][00000223CBC2B6C0 49] MacClient, [00000223CAE35800][00000223CBC2F840 49] MacNoEditor, [00000223CADC4200][00000223CBC339C0 49] MacServer, [00000223CAE34200][00000223CBC37B40 49] Linux, [00000223CADC4B00][00000223CBC3A140 49] LinuxAArch64, [00000223CAE36800][00000223CBC3E2C0 49] LinuxNoEditor, [00000223CADC5A00][00000223CBC42440 49] LinuxAArch64NoEditor, [00000223CAE36100][00000223CBC465C0 49] LinuxClient, [00000223CADC5700][00000223CBC4A740 49] LinuxAArch64Client, [00000223CAE34C00][00000223CBC4E8C0 49] LinuxServer, [00000223CADC6400][00000223CBC52A40 49] LinuxAArch64Server, [00000223CAE34A00][00000223CBC56BC0 49] Android, [00000223CADC7B00][00000223CBC5AD40 49] Android_Low, [00000223CAE36B00][00000223CBC5EEC0 49] Android_Mid, [00000223CADC6E00][00000223CBC1B000 49] Android_High, [00000223CAE35400][00000223CBCCF140 49] Android_Default, [00000223CADC7300][00000223CBCDB280 49] Android_Adreno4xx, [00000223CAE37500][00000223CBCE33C0 49] Android_Adreno5xx_Low, [00000223CADC7600][00000223C5EFD540 49] Android_Adreno5xx, [00000223CAE35E00][00000223C072D6C0 49] Android_Adreno6xx, [00000223CADC5000][00000223C0731840 49] Android_Adreno6xx_Vulkan, [00000223CAE36C00][00000223C07359C0 49] Android_Mali_T6xx, [00000223CADC5500][00000223C0739B40 49] Android_Mali_T7xx, [00000223CAE34E00][00000223C0740140 49] Android_Mali_T8xx, [00000223CADC6D00][00000223CA71E2C0 49] Android_Mali_G71, [00000223CAD9D800][00000223CA72A440 49] Android_Mali_G72, [00000223CAE1D000][00000223CA72E5C0 49] Android_Mali_G72_Vulkan, [00000223CAD9E000][00000223CD0CE740 49] Android_Mali_G76, [00000223CAE1EE00][00000223CD0D68C0 49] Android_Mali_G76_Vulkan, [00000223CAD9D000][00000223CD106A40 49] Android_Mali_G77, [00000223CAE1D300][00000223CD10ABC0 49] Android_Mali_G77_Vulkan, [00000223CAD9F600][00000223CA778D40 49] Android_Mali_G78, [00000223CAE1CD00][00000223CBC9CEC0 49] Android_Mali_G78_Vulkan, [00000223CAD9D400][00000223CBCA1040 49] Android_Mali_G710, [00000223CAE1DF00][00000223C5EF9180 49] Android_Mali_G710_Vulkan, [00000223CAD9EC00][00000223CBCC52C0 49] Android_Vulkan_SM5, [00000223CAE1D400][00000223CBCC9400 49] Android_PowerVR_G6xxx, [00000223CAD9F800][00000223C5ED5540 49] Android_PowerVR_GT7xxx, [00000223CAE1E900][00000223C5EDD6C0 49] Android_PowerVR_GE8xxx, [00000223CAD9CE00][00000223C0ABB840 49] Android_PowerVR_GM9xxx, [00000223CAE1D200][00000223C5EE19C0 49] Android_PowerVR_GM9xxx_Vulkan, [00000223CAD9E400][00000223C5EE5B40 49] Android_TegraK1, [00000223CAE1DE00][00000223C5EE8140 49] Android_Unknown_Vulkan, [00000223CAD9FB00][00000223C5EEC2C0 49] Lumin, [00000223CAE1E700][00000223C5EF0440 49] Lumin_Desktop, [00000223CAD9F700][00000223C06FE5C0 49] HoloLens, 
[2022.01.10-20.12.49:417][  0]LogMeshReduction: Using QuadricMeshReduction for automatic static mesh reduction
[2022.01.10-20.12.49:417][  0]LogMeshReduction: Using SimplygonMeshReduction for automatic skeletal mesh reduction
[2022.01.10-20.12.49:417][  0]LogMeshReduction: Using ProxyLODMeshReduction for automatic mesh merging
[2022.01.10-20.12.49:417][  0]LogMeshReduction: No distributed automatic mesh merging module available
[2022.01.10-20.12.49:417][  0]LogMeshMerging: No distributed automatic mesh merging module available
[2022.01.10-20.12.49:441][  0]LogNetVersion: Fps_Monster_Shooter 1.0.0, NetCL: 17155196, EngineNetVer: 17, GameNetVer: 0 (Checksum: 4160664103)
[2022.01.10-20.12.50:017][  0]LogTexture: Default maximum texture size for cubemaps generated from long-lat sources has been changed from 512 to unlimited. In order to preserve old behaiour for '/Engine/MapTemplates/Sky/DaylightAmbientCubemap.DaylightAmbientCubemap', its maximum texture size has been explicitly set to 512.
[2022.01.10-20.12.50:084][  0]LogHMD: PokeAHoleMaterial loaded successfully
[2022.01.10-20.12.50:090][  0]LogUObjectArray: 17178 objects as part of root set at end of initial load.
[2022.01.10-20.12.50:090][  0]LogUObjectAllocator: 4302048 out of 0 bytes used by permanent object pool.
[2022.01.10-20.12.50:090][  0]LogUObjectArray: CloseDisregardForGC: 0/0 objects in disregard for GC pool
[2022.01.10-20.12.50:453][  0]LogNiagaraDebuggerClient: Niagara Debugger Client Initialized | Session: 6E25E74A40B0AAC8064E069A34A350EF | Instance: 4EE0F94D4F6E659198757E820E11EEA6 (DESKTOP-BV57UBR-6716).
[2022.01.10-20.12.50:498][  0]LogPython: Using Python 3.7.7
[2022.01.10-20.12.51:212][  0]LogTcpMessaging: Initializing TcpMessaging bridge
[2022.01.10-20.12.51:222][  0]LogUdpMessaging: Initializing bridge on interface 0.0.0.0:0 to multicast group 230.0.0.1:6666.
[2022.01.10-20.12.51:703][  0]SourceControl: Source control is disabled
[2022.01.10-20.12.51:703][  0]SourceControl: Source control is disabled
[2022.01.10-20.12.51:707][  0]SourceControl: Source control is disabled
[2022.01.10-20.12.51:711][  0]SourceControl: Source control is disabled
[2022.01.10-20.12.51:718][  0]LogUProjectInfo: Found projects:
[2022.01.10-20.12.51:729][  0]SourceControl: Source control is disabled
[2022.01.10-20.12.51:901][  0]LogOpenImageDenoise: OIDN starting up
[2022.01.10-20.12.51:962][  0]LogAndroidPermission: UAndroidPermissionCallbackProxy::GetInstance
[2022.01.10-20.12.51:993][  0]LogAudioCaptureCore: Display: No Audio Capture implementations found. Audio input will be silent.
[2022.01.10-20.12.51:993][  0]LogAudioCaptureCore: Display: No Audio Capture implementations found. Audio input will be silent.
[2022.01.10-20.12.52:156][  0]LogCollectionManager: Loaded 0 collections in 0.000927 seconds
[2022.01.10-20.12.52:159][  0]LogFileCache: Scanning file cache for directory 'C:/Users/ajsut/Documents/Unreal Projects/MonsterShooterFps/Fps_Monster_Shooter/Saved/Collections/' took 0.00s
[2022.01.10-20.12.52:159][  0]LogFileCache: Scanning file cache for directory 'C:/Users/ajsut/Documents/Unreal Projects/MonsterShooterFps/Fps_Monster_Shooter/Content/Developers/ajsut/Collections/' took 0.00s
[2022.01.10-20.12.52:159][  0]LogFileCache: Scanning file cache for directory 'C:/Users/ajsut/Documents/Unreal Projects/MonsterShooterFps/Fps_Monster_Shooter/Content/Collections/' took 0.00s
[2022.01.10-20.12.52:187][  0]LogOcInput: OculusInput pre-init called
[2022.01.10-20.12.52:445][  0]LogEngine: Initializing Engine...
[2022.01.10-20.12.52:448][  0]LogHMD: Failed to enumerate extensions. Please check that you have a valid OpenXR runtime installed.
[2022.01.10-20.12.52:448][  0]LogHMD: Failed to initialize OpenVR with code 110
[2022.01.10-20.12.52:448][  0]LogMagicLeap: Warning: VR disabled because ZI is not enabled.  To enable, in the editor, Edit -> Project Settings -> Plugins -> Magic Leap Plugin -> Enable Zero Iteration
[2022.01.10-20.12.52:449][  0]LogStats: UGameplayTagsManager::InitializeManager -  0.000 s
[2022.01.10-20.12.52:604][  0]LogInit: Initializing FReadOnlyCVARCache
[2022.01.10-20.12.52:614][  0]LogAIModule: Creating AISystem for world Untitled
[2022.01.10-20.12.52:615][  0]LogAudio: Display: Initializing Audio Device Manager...
[2022.01.10-20.12.52:619][  0]LogAudio: Display: Loading Default Audio Settings Objects...
[2022.01.10-20.12.52:620][  0]LogAudio: Display: No default SoundConcurrencyObject specified (or failed to load).
[2022.01.10-20.12.52:621][  0]LogAudio: Display: Audio Device Manager Initialized
[2022.01.10-20.12.52:621][  0]LogAudio: Display: Creating Audio Device:                 Id: 1, Scope: Shared, Realtime: True
[2022.01.10-20.12.52:621][  0]LogAudioMixer: Display: Audio Mixer Platform Settings:
[2022.01.10-20.12.52:621][  0]LogAudioMixer: Display: 	Sample Rate:						  48000
[2022.01.10-20.12.52:621][  0]LogAudioMixer: Display: 	Callback Buffer Frame Size Requested: 1024
[2022.01.10-20.12.52:621][  0]LogAudioMixer: Display: 	Callback Buffer Frame Size To Use:	  1024
[2022.01.10-20.12.52:621][  0]LogAudioMixer: Display: 	Number of buffers to queue:			  2
[2022.01.10-20.12.52:621][  0]LogAudioMixer: Display: 	Max Channels (voices):				  32
[2022.01.10-20.12.52:621][  0]LogAudioMixer: Display: 	Number of Async Source Workers:		  0
[2022.01.10-20.12.52:621][  0]LogAudio: Display: AudioDevice MaxSources: 32
[2022.01.10-20.12.52:621][  0]LogAudio: Display: Audio Spatialization Plugin: None (built-in).
[2022.01.10-20.12.52:621][  0]LogAudio: Display: Audio Reverb Plugin: None (built-in).
[2022.01.10-20.12.52:621][  0]LogAudio: Display: Audio Occlusion Plugin: None (built-in).
[2022.01.10-20.12.52:621][  0]LogAudioMixer: Display: Initializing audio mixer.
[2022.01.10-20.12.52:633][  0]LogAudioMixer: Display: 0: FrontLeft
[2022.01.10-20.12.52:633][  0]LogAudioMixer: Display: 1: FrontRight
[2022.01.10-20.12.52:662][  0]LogAudioMixer: Display: Using Audio Device 4 - 27GL850 (AMD High Definition Audio Device)
[2022.01.10-20.12.52:665][  0]LogAudioMixer: Display: Initializing Sound Submixes...
[2022.01.10-20.12.52:669][  0]LogAudioMixer: Display: Creating Master Submix 'MasterSubmixDefault'
[2022.01.10-20.12.52:669][  0]LogAudioMixer: Display: Creating Master Submix 'MasterReverbSubmixDefault'
[2022.01.10-20.12.52:670][  0]LogAudioMixer: Display: Creating Master Submix 'MasterEQSubmixDefault'
[2022.01.10-20.12.52:670][  0]LogAudioMixer: FMixerPlatformXAudio2::StartAudioStream() called
[2022.01.10-20.12.52:670][  0]LogAudioMixer: Display: Output buffers initialized: Frames=1024, Channels=2, Samples=2048
[2022.01.10-20.12.52:671][  0]LogAudioMixer: Display: Starting AudioMixerPlatformInterface::RunInternal()
[2022.01.10-20.12.52:671][  0]LogAudioMixer: Display: FMixerPlatformXAudio2::SubmitBuffer() called for the first time
[2022.01.10-20.12.52:671][  0]LogInit: FAudioDevice initialized.
[2022.01.10-20.12.52:672][  0]LogAudio: Display: Audio Device (ID: 1) registered with world 'Untitled'.
[2022.01.10-20.12.52:672][  0]LogNetVersion: Set ProjectVersion to 1.0.0.0. Version Checksum will be recalculated on next use.
[2022.01.10-20.12.52:756][  0]LogDerivedDataCache: Saved boot cache 0.08s 99MB C:/Users/ajsut/AppData/Local/UnrealEngine/4.27/DerivedDataCache/Boot.ddc.
[2022.01.10-20.12.52:756][  0]LogInit: Texture streaming: Enabled
[2022.01.10-20.12.52:771][  0]LogAnalytics: Display: [UEEditor.Rocket.Release] APIServer = https://datarouter.ol.epicgames.com/. AppVersion = 4.27.2-18319896+++UE4+Release-4.27
[2022.01.10-20.12.52:775][  0]LogEngineSessionManager: EngineSessionManager initialized
[2022.01.10-20.12.52:775][  0]LogEditorSessionSummary: Verbose: Initializing EditorSessionSummaryWriter for editor session tracking
[2022.01.10-20.12.52:776][  0]LogEditorSessionSummary: EditorSessionSummaryWriter initialized
[2022.01.10-20.12.52:807][  0]LogInit: Transaction tracking system initialized
[2022.01.10-20.12.52:838][  0]BlueprintLog: New page: Editor Load
[2022.01.10-20.12.52:912][  0]LocalizationService: Localization service is disabled
[2022.01.10-20.12.52:942][  0]TimingProfiler: Initialize
[2022.01.10-20.12.52:942][  0]TimingProfiler: OnSessionChanged
[2022.01.10-20.12.52:942][  0]LoadingProfiler: Initialize
[2022.01.10-20.12.52:942][  0]LoadingProfiler: OnSessionChanged
[2022.01.10-20.12.52:942][  0]NetworkingProfiler: Initialize
[2022.01.10-20.12.52:942][  0]NetworkingProfiler: OnSessionChanged
[2022.01.10-20.12.52:942][  0]MemoryProfiler: Initialize
[2022.01.10-20.12.52:942][  0]MemoryProfiler: OnSessionChanged
[2022.01.10-20.12.53:129][  0]LogCook: Display: CookSettings for Memory: MemoryMaxUsedVirtual 0MiB, MemoryMaxUsedPhysical 16384MiB, MemoryMinFreeVirtual 0MiB, MemoryMinFreePhysical 1024MiB
[2022.01.10-20.12.53:129][  0]LogCook: Display: Mobile HDR setting 1
[2022.01.10-20.12.53:290][  0]LogFileCache: Scanning file cache for directory 'C:/Users/ajsut/Documents/Unreal Projects/MonsterShooterFps/Fps_Monster_Shooter/Content/' took 0.01s
[2022.01.10-20.12.53:558][  0]LogInit: Display: Engine is initialized. Leaving FEngineLoop::Init()
[2022.01.10-20.12.53:562][  0]SourceControl: Source control is disabled
[2022.01.10-20.12.53:562][  0]LogUnrealEdMisc: Loading editor; pre map load, took 8.934
[2022.01.10-20.12.53:562][  0]Cmd: MAP LOAD FILE="C:/Users/ajsut/Documents/Unreal Projects/MonsterShooterFps/Fps_Monster_Shooter/Content/FirstPersonCPP/Maps/FirstPersonExampleMap.umap" TEMPLATE=0 SHOWPROGRESS=1 FEATURELEVEL=3
[2022.01.10-20.12.53:563][  0]LightingResults: New page: Lighting Build
[2022.01.10-20.12.53:565][  0]LogWorld: UWorld::CleanupWorld for Untitled, bSessionEnded=true, bCleanupResources=true
[2022.01.10-20.12.53:565][  0]LogSlate: InvalidateAllWidgets triggered.  All widgets were invalidated
[2022.01.10-20.12.53:565][  0]MapCheck: New page: Map Check
[2022.01.10-20.12.53:565][  0]LightingResults: New page: Lighting Build
[2022.01.10-20.12.53:569][  0]LogAudio: Display: Audio Device unregistered from world 'None'.
[2022.01.10-20.12.53:572][  0]LogUObjectHash: Compacting FUObjectHashTables data took   1.17ms
[2022.01.10-20.12.53:748][  0]LogAudio: Display: Audio Device (ID: 1) registered with world 'FirstPersonExampleMap'.
[2022.01.10-20.12.53:749][  0]LogAIModule: Creating AISystem for world FirstPersonExampleMap
[2022.01.10-20.12.53:755][  0]LogEditorServer: Finished looking for orphan Actors (0.000 secs)
[2022.01.10-20.12.53:797][  0]LogUObjectHash: Compacting FUObjectHashTables data took   1.10ms
[2022.01.10-20.12.53:797][  0]Cmd: MAP CHECKDEP NOCLEARLOG
[2022.01.10-20.12.53:797][  0]MapCheck: Map check complete: 0 Error(s), 0 Warning(s), took 0.168ms to complete.
[2022.01.10-20.12.53:797][  0]LogFileHelpers: Loading map 'FirstPersonExampleMap' took 0.236
[2022.01.10-20.12.53:801][  0]LogUnrealEdMisc: Total Editor Startup Time, took 9.173
[2022.01.10-20.12.53:930][  0]LogSlate: Updating window title bar state: overlay mode, drag disabled, window buttons hidden, title bar hidden
[2022.01.10-20.12.53:937][  0]LogSlate: Updating window title bar state: overlay mode, drag disabled, window buttons hidden, title bar hidden
[2022.01.10-20.12.53:943][  0]LogSlate: Updating window title bar state: overlay mode, drag disabled, window buttons hidden, title bar hidden
[2022.01.10-20.12.53:950][  0]LogSlate: Updating window title bar state: overlay mode, drag disabled, window buttons hidden, title bar hidden
[2022.01.10-20.12.53:967][  0]LogNativeClassHierarchy: Verbose: Native class hierarchy populated in 0.0116 seconds. Added 3830 classes and 930 folders.
[2022.01.10-20.12.53:970][  0]LogNativeClassHierarchy: Verbose: Native class hierarchy updated for 'WidgetCarousel' in 0.0003 seconds. Added 0 classes and 0 folders.
[2022.01.10-20.12.53:973][  0]LogPakFile: PakFile PrimaryIndexSize=187
[2022.01.10-20.12.53:973][  0]LogPakFile: PakFile PathHashIndexSize=101
[2022.01.10-20.12.53:973][  0]LogPakFile: PakFile FullDirectoryIndexSize=148
[2022.01.10-20.12.53:973][  0]LogShaderLibrary: Display: ShaderCodeLibraryPakFileMountedCallback: PakFile 'E:/Program Files/Epic Games/UE_4.27/FeaturePacks/FP_FirstPerson.upack' (chunk index -1, root 'root:/') mounted
[2022.01.10-20.12.53:973][  0]LogShaderLibrary: Display: ShaderCodeLibraryPakFileMountedCallback: pending pak file info (ChunkID:-1 Root:root:/ File:E:/Program Files/Epic Games/UE_4.27/FeaturePacks/FP_FirstPerson.upack)
[2022.01.10-20.12.53:973][  0]LogPakFile: OnPakFileMounted2Time == 0.000062
[2022.01.10-20.12.53:975][  0]LogPakFile: PakFile PrimaryIndexSize=189
[2022.01.10-20.12.53:975][  0]LogPakFile: PakFile PathHashIndexSize=101
[2022.01.10-20.12.53:975][  0]LogPakFile: PakFile FullDirectoryIndexSize=152
[2022.01.10-20.12.53:975][  0]LogShaderLibrary: Display: ShaderCodeLibraryPakFileMountedCallback: PakFile 'E:/Program Files/Epic Games/UE_4.27/FeaturePacks/FP_FirstPersonBP.upack' (chunk index -1, root 'root:/') mounted
[2022.01.10-20.12.53:975][  0]LogShaderLibrary: Display: ShaderCodeLibraryPakFileMountedCallback: pending pak file info (ChunkID:-1 Root:root:/ File:E:/Program Files/Epic Games/UE_4.27/FeaturePacks/FP_FirstPersonBP.upack)
[2022.01.10-20.12.53:975][  0]LogPakFile: OnPakFileMounted2Time == 0.000050
[2022.01.10-20.12.53:977][  0]LogPakFile: PakFile PrimaryIndexSize=191
[2022.01.10-20.12.53:977][  0]LogPakFile: PakFile PathHashIndexSize=101
[2022.01.10-20.12.53:977][  0]LogPakFile: PakFile FullDirectoryIndexSize=160
[2022.01.10-20.12.53:977][  0]LogShaderLibrary: Display: ShaderCodeLibraryPakFileMountedCallback: PakFile 'E:/Program Files/Epic Games/UE_4.27/FeaturePacks/MobileStarterContent.upack' (chunk index -1, root 'root:/') mounted
[2022.01.10-20.12.53:977][  0]LogShaderLibrary: Display: ShaderCodeLibraryPakFileMountedCallback: pending pak file info (ChunkID:-1 Root:root:/ File:E:/Program Files/Epic Games/UE_4.27/FeaturePacks/MobileStarterContent.upack)
[2022.01.10-20.12.53:977][  0]LogPakFile: OnPakFileMounted2Time == 0.000045
[2022.01.10-20.12.53:979][  0]LogPakFile: PakFile PrimaryIndexSize=185
[2022.01.10-20.12.53:979][  0]LogPakFile: PakFile PathHashIndexSize=101
[2022.01.10-20.12.53:979][  0]LogPakFile: PakFile FullDirectoryIndexSize=148
[2022.01.10-20.12.53:979][  0]LogShaderLibrary: Display: ShaderCodeLibraryPakFileMountedCallback: PakFile 'E:/Program Files/Epic Games/UE_4.27/FeaturePacks/StarterContent.upack' (chunk index -1, root 'root:/') mounted
[2022.01.10-20.12.53:979][  0]LogShaderLibrary: Display: ShaderCodeLibraryPakFileMountedCallback: pending pak file info (ChunkID:-1 Root:root:/ File:E:/Program Files/Epic Games/UE_4.27/FeaturePacks/StarterContent.upack)
[2022.01.10-20.12.53:979][  0]LogPakFile: OnPakFileMounted2Time == 0.000043
[2022.01.10-20.12.53:980][  0]LogPakFile: PakFile PrimaryIndexSize=190
[2022.01.10-20.12.53:980][  0]LogPakFile: PakFile PathHashIndexSize=101
[2022.01.10-20.12.53:980][  0]LogPakFile: PakFile FullDirectoryIndexSize=154
[2022.01.10-20.12.53:980][  0]LogShaderLibrary: Display: ShaderCodeLibraryPakFileMountedCallback: PakFile 'E:/Program Files/Epic Games/UE_4.27/FeaturePacks/TP_2DSideScroller.upack' (chunk index -1, root 'root:/') mounted
[2022.01.10-20.12.53:980][  0]LogShaderLibrary: Display: ShaderCodeLibraryPakFileMountedCallback: pending pak file info (ChunkID:-1 Root:root:/ File:E:/Program Files/Epic Games/UE_4.27/FeaturePacks/TP_2DSideScroller.upack)
[2022.01.10-20.12.53:980][  0]LogPakFile: OnPakFileMounted2Time == 0.000041
[2022.01.10-20.12.53:982][  0]LogPakFile: PakFile PrimaryIndexSize=192
[2022.01.10-20.12.53:982][  0]LogPakFile: PakFile PathHashIndexSize=101
[2022.01.10-20.12.53:982][  0]LogPakFile: PakFile FullDirectoryIndexSize=158
[2022.01.10-20.12.53:982][  0]LogShaderLibrary: Display: ShaderCodeLibraryPakFileMountedCallback: PakFile 'E:/Program Files/Epic Games/UE_4.27/FeaturePacks/TP_2DSideScrollerBP.upack' (chunk index -1, root 'root:/') mounted
[2022.01.10-20.12.53:982][  0]LogShaderLibrary: Display: ShaderCodeLibraryPakFileMountedCallback: pending pak file info (ChunkID:-1 Root:root:/ File:E:/Program Files/Epic Games/UE_4.27/FeaturePacks/TP_2DSideScrollerBP.upack)
[2022.01.10-20.12.53:982][  0]LogPakFile: OnPakFileMounted2Time == 0.000040
[2022.01.10-20.12.53:984][  0]LogPakFile: PakFile PrimaryIndexSize=182
[2022.01.10-20.12.53:984][  0]LogPakFile: PakFile PathHashIndexSize=101
[2022.01.10-20.12.53:984][  0]LogPakFile: PakFile FullDirectoryIndexSize=138
[2022.01.10-20.12.53:984][  0]LogShaderLibrary: Display: ShaderCodeLibraryPakFileMountedCallback: PakFile 'E:/Program Files/Epic Games/UE_4.27/FeaturePacks/TP_Flying.upack' (chunk index -1, root 'root:/') mounted
[2022.01.10-20.12.53:984][  0]LogShaderLibrary: Display: ShaderCodeLibraryPakFileMountedCallback: pending pak file info (ChunkID:-1 Root:root:/ File:E:/Program Files/Epic Games/UE_4.27/FeaturePacks/TP_Flying.upack)
[2022.01.10-20.12.53:984][  0]LogPakFile: OnPakFileMounted2Time == 0.000039
[2022.01.10-20.12.53:985][  0]LogPakFile: PakFile PrimaryIndexSize=184
[2022.01.10-20.12.53:985][  0]LogPakFile: PakFile PathHashIndexSize=101
[2022.01.10-20.12.53:985][  0]LogPakFile: PakFile FullDirectoryIndexSize=142
[2022.01.10-20.12.53:985][  0]LogShaderLibrary: Display: ShaderCodeLibraryPakFileMountedCallback: PakFile 'E:/Program Files/Epic Games/UE_4.27/FeaturePacks/TP_FlyingBP.upack' (chunk index -1, root 'root:/') mounted
[2022.01.10-20.12.53:985][  0]LogShaderLibrary: Display: ShaderCodeLibraryPakFileMountedCallback: pending pak file info (ChunkID:-1 Root:root:/ File:E:/Program Files/Epic Games/UE_4.27/FeaturePacks/TP_FlyingBP.upack)
[2022.01.10-20.12.53:985][  0]LogPakFile: OnPakFileMounted2Time == 0.000040
[2022.01.10-20.12.53:987][  0]LogPakFile: PakFile PrimaryIndexSize=188
[2022.01.10-20.12.53:987][  0]LogPakFile: PakFile PathHashIndexSize=101
[2022.01.10-20.12.53:987][  0]LogPakFile: PakFile FullDirectoryIndexSize=150
[2022.01.10-20.12.53:987][  0]LogShaderLibrary: Display: ShaderCodeLibraryPakFileMountedCallback: PakFile 'E:/Program Files/Epic Games/UE_4.27/FeaturePacks/TP_HandheldARBP.upack' (chunk index -1, root 'root:/') mounted
[2022.01.10-20.12.53:987][  0]LogShaderLibrary: Display: ShaderCodeLibraryPakFileMountedCallback: pending pak file info (ChunkID:-1 Root:root:/ File:E:/Program Files/Epic Games/UE_4.27/FeaturePacks/TP_HandheldARBP.upack)
[2022.01.10-20.12.53:987][  0]LogPakFile: OnPakFileMounted2Time == 0.000040
[2022.01.10-20.12.53:992][  0]LogPakFile: PakFile PrimaryIndexSize=182
[2022.01.10-20.12.53:992][  0]LogPakFile: PakFile PathHashIndexSize=101
[2022.01.10-20.12.53:992][  0]LogPakFile: PakFile FullDirectoryIndexSize=138
[2022.01.10-20.12.53:992][  0]LogShaderLibrary: Display: ShaderCodeLibraryPakFileMountedCallback: PakFile 'E:/Program Files/Epic Games/UE_4.27/FeaturePacks/TP_Puzzle.upack' (chunk index -1, root 'root:/') mounted
[2022.01.10-20.12.53:992][  0]LogShaderLibrary: Display: ShaderCodeLibraryPakFileMountedCallback: pending pak file info (ChunkID:-1 Root:root:/ File:E:/Program Files/Epic Games/UE_4.27/FeaturePacks/TP_Puzzle.upack)
[2022.01.10-20.12.53:992][  0]LogPakFile: OnPakFileMounted2Time == 0.000048
[2022.01.10-20.12.53:994][  0]LogPakFile: PakFile PrimaryIndexSize=184
[2022.01.10-20.12.53:994][  0]LogPakFile: PakFile PathHashIndexSize=101
[2022.01.10-20.12.53:994][  0]LogPakFile: PakFile FullDirectoryIndexSize=142
[2022.01.10-20.12.53:994][  0]LogShaderLibrary: Display: ShaderCodeLibraryPakFileMountedCallback: PakFile 'E:/Program Files/Epic Games/UE_4.27/FeaturePacks/TP_PuzzleBP.upack' (chunk index -1, root 'root:/') mounted
[2022.01.10-20.12.53:994][  0]LogShaderLibrary: Display: ShaderCodeLibraryPakFileMountedCallback: pending pak file info (ChunkID:-1 Root:root:/ File:E:/Program Files/Epic Games/UE_4.27/FeaturePacks/TP_PuzzleBP.upack)
[2022.01.10-20.12.53:994][  0]LogPakFile: OnPakFileMounted2Time == 0.000046
[2022.01.10-20.12.53:996][  0]LogPakFile: PakFile PrimaryIndexSize=183
[2022.01.10-20.12.53:996][  0]LogPakFile: PakFile PathHashIndexSize=101
[2022.01.10-20.12.53:996][  0]LogPakFile: PakFile FullDirectoryIndexSize=140
[2022.01.10-20.12.53:996][  0]LogShaderLibrary: Display: ShaderCodeLibraryPakFileMountedCallback: PakFile 'E:/Program Files/Epic Games/UE_4.27/FeaturePacks/TP_Rolling.upack' (chunk index -1, root 'root:/') mounted
[2022.01.10-20.12.53:996][  0]LogShaderLibrary: Display: ShaderCodeLibraryPakFileMountedCallback: pending pak file info (ChunkID:-1 Root:root:/ File:E:/Program Files/Epic Games/UE_4.27/FeaturePacks/TP_Rolling.upack)
[2022.01.10-20.12.53:996][  0]LogPakFile: OnPakFileMounted2Time == 0.000043
[2022.01.10-20.12.53:997][  0]LogPakFile: PakFile PrimaryIndexSize=185
[2022.01.10-20.12.53:997][  0]LogPakFile: PakFile PathHashIndexSize=101
[2022.01.10-20.12.53:997][  0]LogPakFile: PakFile FullDirectoryIndexSize=144
[2022.01.10-20.12.53:997][  0]LogShaderLibrary: Display: ShaderCodeLibraryPakFileMountedCallback: PakFile 'E:/Program Files/Epic Games/UE_4.27/FeaturePacks/TP_RollingBP.upack' (chunk index -1, root 'root:/') mounted
[2022.01.10-20.12.53:997][  0]LogShaderLibrary: Display: ShaderCodeLibraryPakFileMountedCallback: pending pak file info (ChunkID:-1 Root:root:/ File:E:/Program Files/Epic Games/UE_4.27/FeaturePacks/TP_RollingBP.upack)
[2022.01.10-20.12.53:997][  0]LogPakFile: OnPakFileMounted2Time == 0.000043
[2022.01.10-20.12.53:999][  0]LogPakFile: PakFile PrimaryIndexSize=188
[2022.01.10-20.12.53:999][  0]LogPakFile: PakFile PathHashIndexSize=101
[2022.01.10-20.12.53:999][  0]LogPakFile: PakFile FullDirectoryIndexSize=150
[2022.01.10-20.12.53:999][  0]LogShaderLibrary: Display: ShaderCodeLibraryPakFileMountedCallback: PakFile 'E:/Program Files/Epic Games/UE_4.27/FeaturePacks/TP_SideScroller.upack' (chunk index -1, root 'root:/') mounted
[2022.01.10-20.12.53:999][  0]LogShaderLibrary: Display: ShaderCodeLibraryPakFileMountedCallback: pending pak file info (ChunkID:-1 Root:root:/ File:E:/Program Files/Epic Games/UE_4.27/FeaturePacks/TP_SideScroller.upack)
[2022.01.10-20.12.53:999][  0]LogPakFile: OnPakFileMounted2Time == 0.000040
[2022.01.10-20.12.54:000][  0]LogPakFile: PakFile PrimaryIndexSize=190
[2022.01.10-20.12.54:000][  0]LogPakFile: PakFile PathHashIndexSize=101
[2022.01.10-20.12.54:000][  0]LogPakFile: PakFile FullDirectoryIndexSize=154
[2022.01.10-20.12.54:000][  0]LogShaderLibrary: Display: ShaderCodeLibraryPakFileMountedCallback: PakFile 'E:/Program Files/Epic Games/UE_4.27/FeaturePacks/TP_SideScrollerBP.upack' (chunk index -1, root 'root:/') mounted
[2022.01.10-20.12.54:000][  0]LogShaderLibrary: Display: ShaderCodeLibraryPakFileMountedCallback: pending pak file info (ChunkID:-1 Root:root:/ File:E:/Program Files/Epic Games/UE_4.27/FeaturePacks/TP_SideScrollerBP.upack)
[2022.01.10-20.12.54:000][  0]LogPakFile: OnPakFileMounted2Time == 0.000043
[2022.01.10-20.12.54:001][  0]LogPakFile: PakFile PrimaryIndexSize=187
[2022.01.10-20.12.54:001][  0]LogPakFile: PakFile PathHashIndexSize=101
[2022.01.10-20.12.54:001][  0]LogPakFile: PakFile FullDirectoryIndexSize=148
[2022.01.10-20.12.54:001][  0]LogShaderLibrary: Display: ShaderCodeLibraryPakFileMountedCallback: PakFile 'E:/Program Files/Epic Games/UE_4.27/FeaturePacks/TP_ThirdPerson.upack' (chunk index -1, root 'root:/') mounted
[2022.01.10-20.12.54:001][  0]LogShaderLibrary: Display: ShaderCodeLibraryPakFileMountedCallback: pending pak file info (ChunkID:-1 Root:root:/ File:E:/Program Files/Epic Games/UE_4.27/FeaturePacks/TP_ThirdPerson.upack)
[2022.01.10-20.12.54:001][  0]LogPakFile: OnPakFileMounted2Time == 0.000041
[2022.01.10-20.12.54:003][  0]LogPakFile: PakFile PrimaryIndexSize=189
[2022.01.10-20.12.54:003][  0]LogPakFile: PakFile PathHashIndexSize=101
[2022.01.10-20.12.54:003][  0]LogPakFile: PakFile FullDirectoryIndexSize=152
[2022.01.10-20.12.54:003][  0]LogShaderLibrary: Display: ShaderCodeLibraryPakFileMountedCallback: PakFile 'E:/Program Files/Epic Games/UE_4.27/FeaturePacks/TP_ThirdPersonBP.upack' (chunk index -1, root 'root:/') mounted
[2022.01.10-20.12.54:003][  0]LogShaderLibrary: Display: ShaderCodeLibraryPakFileMountedCallback: pending pak file info (ChunkID:-1 Root:root:/ File:E:/Program Files/Epic Games/UE_4.27/FeaturePacks/TP_ThirdPersonBP.upack)
[2022.01.10-20.12.54:003][  0]LogPakFile: OnPakFileMounted2Time == 0.000042
[2022.01.10-20.12.54:004][  0]LogPakFile: PakFile PrimaryIndexSize=183
[2022.01.10-20.12.54:004][  0]LogPakFile: PakFile PathHashIndexSize=101
[2022.01.10-20.12.54:004][  0]LogPakFile: PakFile FullDirectoryIndexSize=140
[2022.01.10-20.12.54:004][  0]LogShaderLibrary: Display: ShaderCodeLibraryPakFileMountedCallback: PakFile 'E:/Program Files/Epic Games/UE_4.27/FeaturePacks/TP_TopDown.upack' (chunk index -1, root 'root:/') mounted
[2022.01.10-20.12.54:004][  0]LogShaderLibrary: Display: ShaderCodeLibraryPakFileMountedCallback: pending pak file info (ChunkID:-1 Root:root:/ File:E:/Program Files/Epic Games/UE_4.27/FeaturePacks/TP_TopDown.upack)
[2022.01.10-20.12.54:004][  0]LogPakFile: OnPakFileMounted2Time == 0.000046
[2022.01.10-20.12.54:006][  0]LogPakFile: PakFile PrimaryIndexSize=185
[2022.01.10-20.12.54:006][  0]LogPakFile: PakFile PathHashIndexSize=101
[2022.01.10-20.12.54:006][  0]LogPakFile: PakFile FullDirectoryIndexSize=144
[2022.01.10-20.12.54:006][  0]LogShaderLibrary: Display: ShaderCodeLibraryPakFileMountedCallback: PakFile 'E:/Program Files/Epic Games/UE_4.27/FeaturePacks/TP_TopDownBP.upack' (chunk index -1, root 'root:/') mounted
[2022.01.10-20.12.54:006][  0]LogShaderLibrary: Display: ShaderCodeLibraryPakFileMountedCallback: pending pak file info (ChunkID:-1 Root:root:/ File:E:/Program Files/Epic Games/UE_4.27/FeaturePacks/TP_TopDownBP.upack)
[2022.01.10-20.12.54:006][  0]LogPakFile: OnPakFileMounted2Time == 0.000042
[2022.01.10-20.12.54:007][  0]LogPakFile: PakFile PrimaryIndexSize=185
[2022.01.10-20.12.54:007][  0]LogPakFile: PakFile PathHashIndexSize=101
[2022.01.10-20.12.54:007][  0]LogPakFile: PakFile FullDirectoryIndexSize=144
[2022.01.10-20.12.54:007][  0]LogShaderLibrary: Display: ShaderCodeLibraryPakFileMountedCallback: PakFile 'E:/Program Files/Epic Games/UE_4.27/FeaturePacks/TP_TwinStick.upack' (chunk index -1, root 'root:/') mounted
[2022.01.10-20.12.54:007][  0]LogShaderLibrary: Display: ShaderCodeLibraryPakFileMountedCallback: pending pak file info (ChunkID:-1 Root:root:/ File:E:/Program Files/Epic Games/UE_4.27/FeaturePacks/TP_TwinStick.upack)
[2022.01.10-20.12.54:007][  0]LogPakFile: OnPakFileMounted2Time == 0.000039
[2022.01.10-20.12.54:009][  0]LogPakFile: PakFile PrimaryIndexSize=187
[2022.01.10-20.12.54:009][  0]LogPakFile: PakFile PathHashIndexSize=101
[2022.01.10-20.12.54:009][  0]LogPakFile: PakFile FullDirectoryIndexSize=148
[2022.01.10-20.12.54:009][  0]LogShaderLibrary: Display: ShaderCodeLibraryPakFileMountedCallback: PakFile 'E:/Program Files/Epic Games/UE_4.27/FeaturePacks/TP_TwinStickBP.upack' (chunk index -1, root 'root:/') mounted
[2022.01.10-20.12.54:009][  0]LogShaderLibrary: Display: ShaderCodeLibraryPakFileMountedCallback: pending pak file info (ChunkID:-1 Root:root:/ File:E:/Program Files/Epic Games/UE_4.27/FeaturePacks/TP_TwinStickBP.upack)
[2022.01.10-20.12.54:009][  0]LogPakFile: OnPakFileMounted2Time == 0.000045
[2022.01.10-20.12.54:010][  0]LogPakFile: PakFile PrimaryIndexSize=183
[2022.01.10-20.12.54:010][  0]LogPakFile: PakFile PathHashIndexSize=101
[2022.01.10-20.12.54:010][  0]LogPakFile: PakFile FullDirectoryIndexSize=140
[2022.01.10-20.12.54:010][  0]LogShaderLibrary: Display: ShaderCodeLibraryPakFileMountedCallback: PakFile 'E:/Program Files/Epic Games/UE_4.27/FeaturePacks/TP_Vehicle.upack' (chunk index -1, root 'root:/') mounted
[2022.01.10-20.12.54:010][  0]LogShaderLibrary: Display: ShaderCodeLibraryPakFileMountedCallback: pending pak file info (ChunkID:-1 Root:root:/ File:E:/Program Files/Epic Games/UE_4.27/FeaturePacks/TP_Vehicle.upack)
[2022.01.10-20.12.54:010][  0]LogPakFile: OnPakFileMounted2Time == 0.000042
[2022.01.10-20.12.54:012][  0]LogPakFile: PakFile PrimaryIndexSize=186
[2022.01.10-20.12.54:012][  0]LogPakFile: PakFile PathHashIndexSize=101
[2022.01.10-20.12.54:012][  0]LogPakFile: PakFile FullDirectoryIndexSize=146
[2022.01.10-20.12.54:012][  0]LogShaderLibrary: Display: ShaderCodeLibraryPakFileMountedCallback: PakFile 'E:/Program Files/Epic Games/UE_4.27/FeaturePacks/TP_VehicleAdv.upack' (chunk index -1, root 'root:/') mounted
[2022.01.10-20.12.54:012][  0]LogShaderLibrary: Display: ShaderCodeLibraryPakFileMountedCallback: pending pak file info (ChunkID:-1 Root:root:/ File:E:/Program Files/Epic Games/UE_4.27/FeaturePacks/TP_VehicleAdv.upack)
[2022.01.10-20.12.54:012][  0]LogPakFile: OnPakFileMounted2Time == 0.000041
[2022.01.10-20.12.54:014][  0]LogPakFile: PakFile PrimaryIndexSize=188
[2022.01.10-20.12.54:014][  0]LogPakFile: PakFile PathHashIndexSize=101
[2022.01.10-20.12.54:014][  0]LogPakFile: PakFile FullDirectoryIndexSize=150
[2022.01.10-20.12.54:014][  0]LogShaderLibrary: Display: ShaderCodeLibraryPakFileMountedCallback: PakFile 'E:/Program Files/Epic Games/UE_4.27/FeaturePacks/TP_VehicleAdvBP.upack' (chunk index -1, root 'root:/') mounted
[2022.01.10-20.12.54:014][  0]LogShaderLibrary: Display: ShaderCodeLibraryPakFileMountedCallback: pending pak file info (ChunkID:-1 Root:root:/ File:E:/Program Files/Epic Games/UE_4.27/FeaturePacks/TP_VehicleAdvBP.upack)
[2022.01.10-20.12.54:014][  0]LogPakFile: OnPakFileMounted2Time == 0.000040
[2022.01.10-20.12.54:015][  0]LogPakFile: PakFile PrimaryIndexSize=185
[2022.01.10-20.12.54:015][  0]LogPakFile: PakFile PathHashIndexSize=101
[2022.01.10-20.12.54:015][  0]LogPakFile: PakFile FullDirectoryIndexSize=144
[2022.01.10-20.12.54:015][  0]LogShaderLibrary: Display: ShaderCodeLibraryPakFileMountedCallback: PakFile 'E:/Program Files/Epic Games/UE_4.27/FeaturePacks/TP_VehicleBP.upack' (chunk index -1, root 'root:/') mounted
[2022.01.10-20.12.54:015][  0]LogShaderLibrary: Display: ShaderCodeLibraryPakFileMountedCallback: pending pak file info (ChunkID:-1 Root:root:/ File:E:/Program Files/Epic Games/UE_4.27/FeaturePacks/TP_VehicleBP.upack)
[2022.01.10-20.12.54:015][  0]LogPakFile: OnPakFileMounted2Time == 0.000040
[2022.01.10-20.12.54:017][  0]LogPakFile: PakFile PrimaryIndexSize=192
[2022.01.10-20.12.54:017][  0]LogPakFile: PakFile PathHashIndexSize=101
[2022.01.10-20.12.54:017][  0]LogPakFile: PakFile FullDirectoryIndexSize=158
[2022.01.10-20.12.54:017][  0]LogShaderLibrary: Display: ShaderCodeLibraryPakFileMountedCallback: PakFile 'E:/Program Files/Epic Games/UE_4.27/FeaturePacks/TP_VirtualRealityBP.upack' (chunk index -1, root 'root:/') mounted
[2022.01.10-20.12.54:017][  0]LogShaderLibrary: Display: ShaderCodeLibraryPakFileMountedCallback: pending pak file info (ChunkID:-1 Root:root:/ File:E:/Program Files/Epic Games/UE_4.27/FeaturePacks/TP_VirtualRealityBP.upack)
[2022.01.10-20.12.54:017][  0]LogPakFile: OnPakFileMounted2Time == 0.000043
[2022.01.10-20.12.54:127][  0]LogNativeClassHierarchy: Verbose: Native class hierarchy updated for 'AddContentDialog' in 0.0003 seconds. Added 0 classes and 0 folders.
[2022.01.10-20.12.54:129][  0]LogNativeClassHierarchy: Verbose: Native class hierarchy updated for 'SceneOutliner' in 0.0002 seconds. Added 2 classes and 0 folders.
[2022.01.10-20.12.54:157][  0]LogSlate: Took 0.000976 seconds to synchronously load lazily loaded font '../../../Engine/Content/Slate/Fonts/Roboto-Regular.ttf' (155K)
[2022.01.10-20.12.54:159][  0]LogSlate: Took 0.000730 seconds to synchronously load lazily loaded font '../../../Engine/Content/Editor/Slate/Fonts/FontAwesome.ttf' (139K)
[2022.01.10-20.12.54:161][  0]LogSlate: Took 0.000873 seconds to synchronously load lazily loaded font '../../../Engine/Content/Slate/Fonts/Roboto-Bold.ttf' (160K)
[2022.01.10-20.12.54:272][  0]LogRenderer: Reallocating scene render targets to support 1616x808 Format 10 NumSamples 1 (Frame:1).
[2022.01.10-20.12.54:539][  0]LogNativeClassHierarchy: Verbose: Native class hierarchy updated for 'HierarchicalLODOutliner' in 0.0003 seconds. Added 0 classes and 0 folders.
[2022.01.10-20.12.54:539][  0]LogLoad: (Engine Initialization) Total time: 9.91 seconds
[2022.01.10-20.12.54:539][  0]LogLoad: (Engine Initialization) Total Blueprint compile time: 0.00 seconds
[2022.01.10-20.12.54:590][  0]LogAssetRegistry: Asset discovery search completed in 5.5930 seconds
[2022.01.10-20.12.54:597][  0]LogCollectionManager: Fixed up redirectors for 0 collections in 0.000004 seconds (updated 0 objects)
[2022.01.10-20.12.54:599][  0]LogContentStreaming: Texture pool size now 1000 MB
[2022.01.10-20.20.29:130][665]LogHotReload: New module detected: UE4Editor-Fps_Monster_Shooter-0032.dll
[2022.01.10-20.20.30:149][669]LogHotReload: Starting Hot-Reload from IDE
[2022.01.10-20.20.30:163][669]LogSlate: Took 0.000983 seconds to synchronously load lazily loaded font '../../../Engine/Content/Slate/Fonts/Roboto-Light.ttf' (167K)
[2022.01.10-20.20.30:216][669]LogHotReload: Re-instancing Enemy after hot-reload.
[2022.01.10-20.20.30:248][669]LogHotReload: Re-instancing MonsterShooterCharacter after hot-reload.
[2022.01.10-20.20.30:254][669]LogNativeClassHierarchy: Verbose: Native class hierarchy updated for 'Fps_Monster_Shooter' in 0.0003 seconds. Added 8 classes and 2 folders.
[2022.01.10-20.20.30:258][669]Display: HotReload successful (3 functions remapped  0 scriptstructs remapped)
[2022.01.10-20.20.30:314][669]LogNativeClassHierarchy: Verbose: Native class hierarchy populated in 0.0110 seconds. Added 3830 classes and 930 folders.
[2022.01.10-20.20.30:336][669]Display: HotReload took  0.2s.
[2022.01.10-20.20.36:174][686]LogHotReload: New module detected: UE4Editor-Fps_Monster_Shooter-0033.dll
[2022.01.10-20.20.36:854][689]LogHotReload: Starting Hot-Reload from IDE
[2022.01.10-20.20.36:918][689]LogNativeClassHierarchy: Verbose: Native class hierarchy updated for 'Fps_Monster_Shooter' in 0.0003 seconds. Added 8 classes and 2 folders.
[2022.01.10-20.20.36:921][689]Display: HotReload successful (3 functions remapped  0 scriptstructs remapped)
[2022.01.10-20.20.36:965][689]LogNativeClassHierarchy: Verbose: Native class hierarchy populated in 0.0098 seconds. Added 3830 classes and 930 folders.
[2022.01.10-20.20.36:976][689]Display: HotReload took  0.1s.
[2022.01.10-20.22.36:779][ 46]LogHotReload: New module detected: UE4Editor-Fps_Monster_Shooter-0034.dll
[2022.01.10-20.22.37:460][ 49]LogHotReload: Starting Hot-Reload from IDE
[2022.01.10-20.22.37:506][ 49]LogClass: Could not find existing class Enemy in package /Script/Fps_Monster_Shooter for HotReload, assuming new class
[2022.01.10-20.22.37:506][ 49]LogClass: Function OnHit is new.
[2022.01.10-20.22.37:513][ 49]LogHotReload: Re-instancing Enemy after hot-reload.
[2022.01.10-20.22.37:534][ 49]LogNativeClassHierarchy: Verbose: Native class hierarchy updated for 'Fps_Monster_Shooter' in 0.0003 seconds. Added 8 classes and 2 folders.
[2022.01.10-20.22.37:537][ 49]Display: HotReload successful (2 functions remapped  0 scriptstructs remapped)
[2022.01.10-20.22.37:582][ 49]LogNativeClassHierarchy: Verbose: Native class hierarchy populated in 0.0095 seconds. Added 3830 classes and 930 folders.
[2022.01.10-20.22.37:594][ 49]Display: HotReload took  0.1s.
[2022.01.10-20.23.51:162][268]LogHotReload: New module detected: UE4Editor-Fps_Monster_Shooter-0035.dll
[2022.01.10-20.23.51:842][271]LogHotReload: Starting Hot-Reload from IDE
[2022.01.10-20.23.51:891][271]LogClass: Could not find existing class Enemy in package /Script/Fps_Monster_Shooter for HotReload, assuming new class
[2022.01.10-20.23.51:891][271]LogClass: Function OnHit is new.
[2022.01.10-20.23.51:891][271]LogClass: Function OnSensed is new.
[2022.01.10-20.23.51:901][271]LogHotReload: Re-instancing Enemy after hot-reload.
[2022.01.10-20.23.51:928][271]LogNativeClassHierarchy: Verbose: Native class hierarchy updated for 'Fps_Monster_Shooter' in 0.0003 seconds. Added 8 classes and 2 folders.
[2022.01.10-20.23.51:931][271]Display: HotReload successful (2 functions remapped  0 scriptstructs remapped)
[2022.01.10-20.23.51:977][271]LogNativeClassHierarchy: Verbose: Native class hierarchy populated in 0.0095 seconds. Added 3830 classes and 930 folders.
[2022.01.10-20.23.51:989][271]Display: HotReload took  0.1s.
[2022.01.10-21.09.56:609][522]LogHotReload: New module detected: UE4Editor-Fps_Monster_Shooter-0036.dll
[2022.01.10-21.09.57:290][525]LogHotReload: Starting Hot-Reload from IDE
[2022.01.10-21.09.57:401][525]LogOutputDevice: Warning: 

Script Stack (0 frames):

[2022.01.10-21.09.57:401][525]LogWindows: Windows GetLastError: The operation completed successfully. (0)
[2022.01.10-21.09.59:467][525]LogWindows: Error: === Critical error: ===
[2022.01.10-21.09.59:467][525]LogWindows: Error: 
[2022.01.10-21.09.59:467][525]LogWindows: Error: Fatal error: [File:D:/Build/++UE4/Sync/Engine/Source/Runtime/CoreUObject/Private/UObject/UObjectGlobals.cpp] [Line: 2416] 
[2022.01.10-21.09.59:467][525]LogWindows: Error: Objects have the same fully qualified name but different paths.
[2022.01.10-21.09.59:467][525]LogWindows: Error: 	New Object: Enemy /Engine/Transient.Default__Enemy
[2022.01.10-21.09.59:467][525]LogWindows: Error: 	Existing Object: HOTRELOADED_Enemy_0 /Engine/Transient.Default__Enemy
[2022.01.10-21.09.59:467][525]LogWindows: Error: 
[2022.01.10-21.09.59:467][525]LogWindows: Error: 
[2022.01.10-21.09.59:467][525]LogWindows: Error: [Callstack] 0x00007fff6b294f69 KERNELBASE.dll!UnknownFunction []
[2022.01.10-21.09.59:467][525]LogWindows: Error: [Callstack] 0x00007ffee2660216 UE4Editor-Core.dll!UnknownFunction []
[2022.01.10-21.09.59:467][525]LogWindows: Error: [Callstack] 0x00007ffee2664218 UE4Editor-Core.dll!UnknownFunction []
[2022.01.10-21.09.59:467][525]LogWindows: Error: [Callstack] 0x00007ffee238242d UE4Editor-Core.dll!UnknownFunction []
[2022.01.10-21.09.59:467][525]LogWindows: Error: [Callstack] 0x00007fff1401eaa6 UE4Editor-CoreUObject.dll!UnknownFunction []
[2022.01.10-21.09.59:467][525]LogWindows: Error: [Callstack] 0x00007fff5d583e21 UE4Editor-Fps_Monster_Shooter-0036.dll!AEnemy::__VTableCtorCaller() [C:\Users\ajsut\Documents\Unreal Projects\MonsterShooterFps\Fps_Monster_Shooter\Source\Fps_Monster_Shooter\Enemy.h:12]
[2022.01.10-21.09.59:467][525]LogWindows: Error: [Callstack] 0x00007fff13d1eb05 UE4Editor-CoreUObject.dll!UnknownFunction []
[2022.01.10-21.09.59:467][525]LogWindows: Error: [Callstack] 0x00007fff13d1ba3d UE4Editor-CoreUObject.dll!UnknownFunction []
[2022.01.10-21.09.59:467][525]LogWindows: Error: [Callstack] 0x00007fff5d58bafb UE4Editor-Fps_Monster_Shooter-0036.dll!AEnemy::GetPrivateStaticClass() [C:\Users\ajsut\Documents\Unreal Projects\MonsterShooterFps\Fps_Monster_Shooter\Intermediate\Build\Win64\UE4Editor\Inc\Fps_Monster_Shooter\Enemy.gen.cpp:352]
[2022.01.10-21.09.59:467][525]LogWindows: Error: [Callstack] 0x00007fff5d58b954 UE4Editor-Fps_Monster_Shooter-0036.dll!TClassCompiledInDefer<AEnemy>::Register() [E:\Program Files\Epic Games\UE_4.27\Engine\Source\Runtime\CoreUObject\Public\UObject\UObjectBase.h:301]
[2022.01.10-21.09.59:467][525]LogWindows: Error: [Callstack] 0x00007fff14026ddd UE4Editor-CoreUObject.dll!UnknownFunction []
[2022.01.10-21.09.59:467][525]LogWindows: Error: [Callstack] 0x00007fff140052d3 UE4Editor-CoreUObject.dll!UnknownFunction []
[2022.01.10-21.09.59:467][525]LogWindows: Error: [Callstack] 0x00007fff13ecddc5 UE4Editor-CoreUObject.dll!UnknownFunction []
[2022.01.10-21.09.59:467][525]LogWindows: Error: [Callstack] 0x00007ffee23c1bea UE4Editor-Core.dll!UnknownFunction []
[2022.01.10-21.09.59:467][525]LogWindows: Error: [Callstack] 0x00007ffee23e15a3 UE4Editor-Core.dll!UnknownFunction []
[2022.01.10-21.09.59:467][525]LogWindows: Error: [Callstack] 0x00007ffee23e0618 UE4Editor-Core.dll!UnknownFunction []
[2022.01.10-21.09.59:467][525]LogWindows: Error: [Callstack] 0x00007ffec615b047 UE4Editor-HotReload.dll!UnknownFunction []
[2022.01.10-21.09.59:467][525]LogWindows: Error: [Callstack] 0x00007ffec615ad48 UE4Editor-HotReload.dll!UnknownFunction []
[2022.01.10-21.09.59:467][525]LogWindows: Error: [Callstack] 0x00007ffec616cae2 UE4Editor-HotReload.dll!UnknownFunction []
[2022.01.10-21.09.59:467][525]LogWindows: Error: [Callstack] 0x00007ffee20f1d93 UE4Editor-Core.dll!UnknownFunction []
[2022.01.10-21.09.59:467][525]LogWindows: Error: [Callstack] 0x00007ff7084ebca8 UE4Editor.exe!UnknownFunction []
[2022.01.10-21.09.59:467][525]LogWindows: Error: [Callstack] 0x00007ff708500fcc UE4Editor.exe!UnknownFunction []
[2022.01.10-21.09.59:467][525]LogWindows: Error: [Callstack] 0x00007ff7085010ba UE4Editor.exe!UnknownFunction []
[2022.01.10-21.09.59:467][525]LogWindows: Error: [Callstack] 0x00007ff7085040dd UE4Editor.exe!UnknownFunction []
[2022.01.10-21.09.59:467][525]LogWindows: Error: [Callstack] 0x00007ff708515984 UE4Editor.exe!UnknownFunction []
[2022.01.10-21.09.59:467][525]LogWindows: Error: [Callstack] 0x00007ff70851853a UE4Editor.exe!UnknownFunction []
[2022.01.10-21.09.59:467][525]LogWindows: Error: [Callstack] 0x00007fff6c787034 KERNEL32.DLL!UnknownFunction []
[2022.01.10-21.09.59:467][525]LogWindows: Error: [Callstack] 0x00007fff6da42651 ntdll.dll!UnknownFunction []
[2022.01.10-21.09.59:467][525]LogWindows: Error: 
[2022.01.10-21.09.59:478][525]LogExit: Executing StaticShutdownAfterError
[2022.01.10-21.09.59:502][525]LogWindows: FPlatformMisc::RequestExit(1)
[2022.01.10-21.09.59:502][525]LogWindows: FPlatformMisc::RequestExitWithStatus(1, 3)
[2022.01.10-21.09.59:502][525]LogCore: Engine exit requested (reason: Win RequestExit)
[2022.01.10-21.09.59:505][525]Log file closed, 01/10/22 16:09:59
